Build started...
20:26:16 **** Build of configuration Debug for project Src_RefPrj ****
make --output-sync -j16 all 
Building file: ../Libraries/iLLD/TC27D/Tricore/_PinMap/IfxEth_PinMap.c
Invoking: TASKING C/C++ Compiler
cctc -D__CPU__=tc27xd "-fC:/Users/ldh/Documents/_workspace/Reference_Project(Infineon_TC275)/Src_RefPrj/Debug/TASKING_C_C___Compiler-Include_paths.opt" --iso=99 --c++14 --language=+volatile --exceptions --anachronisms --fp-model=3 -O0 --tradeoff=4 --compact-max-size=200 -g -Wc-w544 -Wc-w557 -Ctc27xd -o "Libraries/iLLD/TC27D/Tricore/_PinMap/IfxEth_PinMap.src"  "../Libraries/iLLD/TC27D/Tricore/_PinMap/IfxEth_PinMap.c"  -cs --dep-file="Libraries/iLLD/TC27D/Tricore/_PinMap/IfxEth_PinMap.d" --misrac-version=2012 -N0 -Z0 -Y0 2>&1;
TASKING VX-toolset for AURIX Development Studio (non-commercial): control program v1.1r8 Build 22011964
Finished building: ../Libraries/iLLD/TC27D/Tricore/_PinMap/IfxEth_PinMap.c
 
Building file: ../Libraries/iLLD/TC27D/Tricore/_PinMap/IfxPsi5s_PinMap.c
Invoking: TASKING C/C++ Compiler
cctc -D__CPU__=tc27xd "-fC:/Users/ldh/Documents/_workspace/Reference_Project(Infineon_TC275)/Src_RefPrj/Debug/TASKING_C_C___Compiler-Include_paths.opt" --iso=99 --c++14 --language=+volatile --exceptions --anachronisms --fp-model=3 -O0 --tradeoff=4 --compact-max-size=200 -g -Wc-w544 -Wc-w557 -Ctc27xd -o "Libraries/iLLD/TC27D/Tricore/_PinMap/IfxPsi5s_PinMap.src"  "../Libraries/iLLD/TC27D/Tricore/_PinMap/IfxPsi5s_PinMap.c"  -cs --dep-file="Libraries/iLLD/TC27D/Tricore/_PinMap/IfxPsi5s_PinMap.d" --misrac-version=2012 -N0 -Z0 -Y0 2>&1;
TASKING VX-toolset for AURIX Development Studio (non-commercial): control program v1.1r8 Build 22011964
Finished building: ../Libraries/iLLD/TC27D/Tricore/_PinMap/IfxPsi5s_PinMap.c
 
Building file: ../Libraries/iLLD/TC27D/Tricore/_PinMap/IfxDsadc_PinMap.c
Invoking: TASKING C/C++ Compiler
cctc -D__CPU__=tc27xd "-fC:/Users/ldh/Documents/_workspace/Reference_Project(Infineon_TC275)/Src_RefPrj/Debug/TASKING_C_C___Compiler-Include_paths.opt" --iso=99 --c++14 --language=+volatile --exceptions --anachronisms --fp-model=3 -O0 --tradeoff=4 --compact-max-size=200 -g -Wc-w544 -Wc-w557 -Ctc27xd -o "Libraries/iLLD/TC27D/Tricore/_PinMap/IfxDsadc_PinMap.src"  "../Libraries/iLLD/TC27D/Tricore/_PinMap/IfxDsadc_PinMap.c"  -cs --dep-file="Libraries/iLLD/TC27D/Tricore/_PinMap/IfxDsadc_PinMap.d" --misrac-version=2012 -N0 -Z0 -Y0 2>&1;
TASKING VX-toolset for AURIX Development Studio (non-commercial): control program v1.1r8 Build 22011964
Finished building: ../Libraries/iLLD/TC27D/Tricore/_PinMap/IfxDsadc_PinMap.c
 
Building file: ../Libraries/iLLD/TC27D/Tricore/_PinMap/IfxGpt12_PinMap.c
Invoking: TASKING C/C++ Compiler
cctc -D__CPU__=tc27xd "-fC:/Users/ldh/Documents/_workspace/Reference_Project(Infineon_TC275)/Src_RefPrj/Debug/TASKING_C_C___Compiler-Include_paths.opt" --iso=99 --c++14 --language=+volatile --exceptions --anachronisms --fp-model=3 -O0 --tradeoff=4 --compact-max-size=200 -g -Wc-w544 -Wc-w557 -Ctc27xd -o "Libraries/iLLD/TC27D/Tricore/_PinMap/IfxGpt12_PinMap.src"  "../Libraries/iLLD/TC27D/Tricore/_PinMap/IfxGpt12_PinMap.c"  -cs --dep-file="Libraries/iLLD/TC27D/Tricore/_PinMap/IfxGpt12_PinMap.d" --misrac-version=2012 -N0 -Z0 -Y0 2>&1;
TASKING VX-toolset for AURIX Development Studio (non-commercial): control program v1.1r8 Build 22011964
Finished building: ../Libraries/iLLD/TC27D/Tricore/_PinMap/IfxGpt12_PinMap.c
 
Building file: ../Libraries/iLLD/TC27D/Tricore/_PinMap/IfxScu_PinMap.c
Invoking: TASKING C/C++ Compiler
cctc -D__CPU__=tc27xd "-fC:/Users/ldh/Documents/_workspace/Reference_Project(Infineon_TC275)/Src_RefPrj/Debug/TASKING_C_C___Compiler-Include_paths.opt" --iso=99 --c++14 --language=+volatile --exceptions --anachronisms --fp-model=3 -O0 --tradeoff=4 --compact-max-size=200 -g -Wc-w544 -Wc-w557 -Ctc27xd -o "Libraries/iLLD/TC27D/Tricore/_PinMap/IfxScu_PinMap.src"  "../Libraries/iLLD/TC27D/Tricore/_PinMap/IfxScu_PinMap.c"  -cs --dep-file="Libraries/iLLD/TC27D/Tricore/_PinMap/IfxScu_PinMap.d" --misrac-version=2012 -N0 -Z0 -Y0 2>&1;
TASKING VX-toolset for AURIX Development Studio (non-commercial): control program v1.1r8 Build 22011964
Finished building: ../Libraries/iLLD/TC27D/Tricore/_PinMap/IfxScu_PinMap.c
 
Building file: ../Libraries/iLLD/TC27D/Tricore/_PinMap/IfxMsc_PinMap.c
Invoking: TASKING C/C++ Compiler
cctc -D__CPU__=tc27xd "-fC:/Users/ldh/Documents/_workspace/Reference_Project(Infineon_TC275)/Src_RefPrj/Debug/TASKING_C_C___Compiler-Include_paths.opt" --iso=99 --c++14 --language=+volatile --exceptions --anachronisms --fp-model=3 -O0 --tradeoff=4 --compact-max-size=200 -g -Wc-w544 -Wc-w557 -Ctc27xd -o "Libraries/iLLD/TC27D/Tricore/_PinMap/IfxMsc_PinMap.src"  "../Libraries/iLLD/TC27D/Tricore/_PinMap/IfxMsc_PinMap.c"  -cs --dep-file="Libraries/iLLD/TC27D/Tricore/_PinMap/IfxMsc_PinMap.d" --misrac-version=2012 -N0 -Z0 -Y0 2>&1;
TASKING VX-toolset for AURIX Development Studio (non-commercial): control program v1.1r8 Build 22011964
Finished building: ../Libraries/iLLD/TC27D/Tricore/_PinMap/IfxMsc_PinMap.c
 
Building file: ../Libraries/iLLD/TC27D/Tricore/_PinMap/IfxI2c_PinMap.c
Invoking: TASKING C/C++ Compiler
cctc -D__CPU__=tc27xd "-fC:/Users/ldh/Documents/_workspace/Reference_Project(Infineon_TC275)/Src_RefPrj/Debug/TASKING_C_C___Compiler-Include_paths.opt" --iso=99 --c++14 --language=+volatile --exceptions --anachronisms --fp-model=3 -O0 --tradeoff=4 --compact-max-size=200 -g -Wc-w544 -Wc-w557 -Ctc27xd -o "Libraries/iLLD/TC27D/Tricore/_PinMap/IfxI2c_PinMap.src"  "../Libraries/iLLD/TC27D/Tricore/_PinMap/IfxI2c_PinMap.c"  -cs --dep-file="Libraries/iLLD/TC27D/Tricore/_PinMap/IfxI2c_PinMap.d" --misrac-version=2012 -N0 -Z0 -Y0 2>&1;
TASKING VX-toolset for AURIX Development Studio (non-commercial): control program v1.1r8 Build 22011964
Finished building: ../Libraries/iLLD/TC27D/Tricore/_PinMap/IfxI2c_PinMap.c
 
Building file: ../Libraries/iLLD/TC27D/Tricore/_PinMap/IfxEray_PinMap.c
Invoking: TASKING C/C++ Compiler
cctc -D__CPU__=tc27xd "-fC:/Users/ldh/Documents/_workspace/Reference_Project(Infineon_TC275)/Src_RefPrj/Debug/TASKING_C_C___Compiler-Include_paths.opt" --iso=99 --c++14 --language=+volatile --exceptions --anachronisms --fp-model=3 -O0 --tradeoff=4 --compact-max-size=200 -g -Wc-w544 -Wc-w557 -Ctc27xd -o "Libraries/iLLD/TC27D/Tricore/_PinMap/IfxEray_PinMap.src"  "../Libraries/iLLD/TC27D/Tricore/_PinMap/IfxEray_PinMap.c"  -cs --dep-file="Libraries/iLLD/TC27D/Tricore/_PinMap/IfxEray_PinMap.d" --misrac-version=2012 -N0 -Z0 -Y0 2>&1;
TASKING VX-toolset for AURIX Development Studio (non-commercial): control program v1.1r8 Build 22011964
Finished building: ../Libraries/iLLD/TC27D/Tricore/_PinMap/IfxEray_PinMap.c
 
Building file: ../Libraries/iLLD/TC27D/Tricore/_PinMap/IfxPort_PinMap.c
Invoking: TASKING C/C++ Compiler
cctc -D__CPU__=tc27xd "-fC:/Users/ldh/Documents/_workspace/Reference_Project(Infineon_TC275)/Src_RefPrj/Debug/TASKING_C_C___Compiler-Include_paths.opt" --iso=99 --c++14 --language=+volatile --exceptions --anachronisms --fp-model=3 -O0 --tradeoff=4 --compact-max-size=200 -g -Wc-w544 -Wc-w557 -Ctc27xd -o "Libraries/iLLD/TC27D/Tricore/_PinMap/IfxPort_PinMap.src"  "../Libraries/iLLD/TC27D/Tricore/_PinMap/IfxPort_PinMap.c"  -cs --dep-file="Libraries/iLLD/TC27D/Tricore/_PinMap/IfxPort_PinMap.d" --misrac-version=2012 -N0 -Z0 -Y0 2>&1;
TASKING VX-toolset for AURIX Development Studio (non-commercial): control program v1.1r8 Build 22011964
Finished building: ../Libraries/iLLD/TC27D/Tricore/_PinMap/IfxPort_PinMap.c
 
Building file: ../Libraries/iLLD/TC27D/Tricore/_PinMap/IfxCcu6_PinMap.c
Invoking: TASKING C/C++ Compiler
cctc -D__CPU__=tc27xd "-fC:/Users/ldh/Documents/_workspace/Reference_Project(Infineon_TC275)/Src_RefPrj/Debug/TASKING_C_C___Compiler-Include_paths.opt" --iso=99 --c++14 --language=+volatile --exceptions --anachronisms --fp-model=3 -O0 --tradeoff=4 --compact-max-size=200 -g -Wc-w544 -Wc-w557 -Ctc27xd -o "Libraries/iLLD/TC27D/Tricore/_PinMap/IfxCcu6_PinMap.src"  "../Libraries/iLLD/TC27D/Tricore/_PinMap/IfxCcu6_PinMap.c"  -cs --dep-file="Libraries/iLLD/TC27D/Tricore/_PinMap/IfxCcu6_PinMap.d" --misrac-version=2012 -N0 -Z0 -Y0 2>&1;
TASKING VX-toolset for AURIX Development Studio (non-commercial): control program v1.1r8 Build 22011964
Finished building: ../Libraries/iLLD/TC27D/Tricore/_PinMap/IfxCcu6_PinMap.c
 
Building file: ../Libraries/iLLD/TC27D/Tricore/_PinMap/IfxAsclin_PinMap.c
Invoking: TASKING C/C++ Compiler
cctc -D__CPU__=tc27xd "-fC:/Users/ldh/Documents/_workspace/Reference_Project(Infineon_TC275)/Src_RefPrj/Debug/TASKING_C_C___Compiler-Include_paths.opt" --iso=99 --c++14 --language=+volatile --exceptions --anachronisms --fp-model=3 -O0 --tradeoff=4 --compact-max-size=200 -g -Wc-w544 -Wc-w557 -Ctc27xd -o "Libraries/iLLD/TC27D/Tricore/_PinMap/IfxAsclin_PinMap.src"  "../Libraries/iLLD/TC27D/Tricore/_PinMap/IfxAsclin_PinMap.c"  -cs --dep-file="Libraries/iLLD/TC27D/Tricore/_PinMap/IfxAsclin_PinMap.d" --misrac-version=2012 -N0 -Z0 -Y0 2>&1;
TASKING VX-toolset for AURIX Development Studio (non-commercial): control program v1.1r8 Build 22011964
Finished building: ../Libraries/iLLD/TC27D/Tricore/_PinMap/IfxAsclin_PinMap.c
 
Building file: ../Libraries/iLLD/TC27D/Tricore/_PinMap/IfxMultican_PinMap.c
Invoking: TASKING C/C++ Compiler
cctc -D__CPU__=tc27xd "-fC:/Users/ldh/Documents/_workspace/Reference_Project(Infineon_TC275)/Src_RefPrj/Debug/TASKING_C_C___Compiler-Include_paths.opt" --iso=99 --c++14 --language=+volatile --exceptions --anachronisms --fp-model=3 -O0 --tradeoff=4 --compact-max-size=200 -g -Wc-w544 -Wc-w557 -Ctc27xd -o "Libraries/iLLD/TC27D/Tricore/_PinMap/IfxMultican_PinMap.src"  "../Libraries/iLLD/TC27D/Tricore/_PinMap/IfxMultican_PinMap.c"  -cs --dep-file="Libraries/iLLD/TC27D/Tricore/_PinMap/IfxMultican_PinMap.d" --misrac-version=2012 -N0 -Z0 -Y0 2>&1;
TASKING VX-toolset for AURIX Development Studio (non-commercial): control program v1.1r8 Build 22011964
Finished building: ../Libraries/iLLD/TC27D/Tricore/_PinMap/IfxMultican_PinMap.c
 
Building file: ../Libraries/iLLD/TC27D/Tricore/_PinMap/IfxPsi5_PinMap.c
Invoking: TASKING C/C++ Compiler
cctc -D__CPU__=tc27xd "-fC:/Users/ldh/Documents/_workspace/Reference_Project(Infineon_TC275)/Src_RefPrj/Debug/TASKING_C_C___Compiler-Include_paths.opt" --iso=99 --c++14 --language=+volatile --exceptions --anachronisms --fp-model=3 -O0 --tradeoff=4 --compact-max-size=200 -g -Wc-w544 -Wc-w557 -Ctc27xd -o "Libraries/iLLD/TC27D/Tricore/_PinMap/IfxPsi5_PinMap.src"  "../Libraries/iLLD/TC27D/Tricore/_PinMap/IfxPsi5_PinMap.c"  -cs --dep-file="Libraries/iLLD/TC27D/Tricore/_PinMap/IfxPsi5_PinMap.d" --misrac-version=2012 -N0 -Z0 -Y0 2>&1;
TASKING VX-toolset for AURIX Development Studio (non-commercial): control program v1.1r8 Build 22011964
Finished building: ../Libraries/iLLD/TC27D/Tricore/_PinMap/IfxPsi5_PinMap.c
 
Building file: ../Libraries/iLLD/TC27D/Tricore/_PinMap/IfxCif_PinMap.c
Invoking: TASKING C/C++ Compiler
cctc -D__CPU__=tc27xd "-fC:/Users/ldh/Documents/_workspace/Reference_Project(Infineon_TC275)/Src_RefPrj/Debug/TASKING_C_C___Compiler-Include_paths.opt" --iso=99 --c++14 --language=+volatile --exceptions --anachronisms --fp-model=3 -O0 --tradeoff=4 --compact-max-size=200 -g -Wc-w544 -Wc-w557 -Ctc27xd -o "Libraries/iLLD/TC27D/Tricore/_PinMap/IfxCif_PinMap.src"  "../Libraries/iLLD/TC27D/Tricore/_PinMap/IfxCif_PinMap.c"  -cs --dep-file="Libraries/iLLD/TC27D/Tricore/_PinMap/IfxCif_PinMap.d" --misrac-version=2012 -N0 -Z0 -Y0 2>&1;
TASKING VX-toolset for AURIX Development Studio (non-commercial): control program v1.1r8 Build 22011964
Finished building: ../Libraries/iLLD/TC27D/Tricore/_PinMap/IfxCif_PinMap.c
 
Building file: ../Libraries/iLLD/TC27D/Tricore/_PinMap/IfxQspi_PinMap.c
Invoking: TASKING C/C++ Compiler
cctc -D__CPU__=tc27xd "-fC:/Users/ldh/Documents/_workspace/Reference_Project(Infineon_TC275)/Src_RefPrj/Debug/TASKING_C_C___Compiler-Include_paths.opt" --iso=99 --c++14 --language=+volatile --exceptions --anachronisms --fp-model=3 -O0 --tradeoff=4 --compact-max-size=200 -g -Wc-w544 -Wc-w557 -Ctc27xd -o "Libraries/iLLD/TC27D/Tricore/_PinMap/IfxQspi_PinMap.src"  "../Libraries/iLLD/TC27D/Tricore/_PinMap/IfxQspi_PinMap.c"  -cs --dep-file="Libraries/iLLD/TC27D/Tricore/_PinMap/IfxQspi_PinMap.d" --misrac-version=2012 -N0 -Z0 -Y0 2>&1;
TASKING VX-toolset for AURIX Development Studio (non-commercial): control program v1.1r8 Build 22011964
Finished building: ../Libraries/iLLD/TC27D/Tricore/_PinMap/IfxQspi_PinMap.c
 
Building file: ../Libraries/iLLD/TC27D/Tricore/_Impl/IfxAsclin_cfg.c
Invoking: TASKING C/C++ Compiler
cctc -D__CPU__=tc27xd "-fC:/Users/ldh/Documents/_workspace/Reference_Project(Infineon_TC275)/Src_RefPrj/Debug/TASKING_C_C___Compiler-Include_paths.opt" --iso=99 --c++14 --language=+volatile --exceptions --anachronisms --fp-model=3 -O0 --tradeoff=4 --compact-max-size=200 -g -Wc-w544 -Wc-w557 -Ctc27xd -o "Libraries/iLLD/TC27D/Tricore/_Impl/IfxAsclin_cfg.src"  "../Libraries/iLLD/TC27D/Tricore/_Impl/IfxAsclin_cfg.c"  -cs --dep-file="Libraries/iLLD/TC27D/Tricore/_Impl/IfxAsclin_cfg.d" --misrac-version=2012 -N0 -Z0 -Y0 2>&1;
TASKING VX-toolset for AURIX Development Studio (non-commercial): control program v1.1r8 Build 22011964
Finished building: ../Libraries/iLLD/TC27D/Tricore/_Impl/IfxAsclin_cfg.c
 
Building file: ../Libraries/iLLD/TC27D/Tricore/_Impl/IfxCcu6_cfg.c
Invoking: TASKING C/C++ Compiler
cctc -D__CPU__=tc27xd "-fC:/Users/ldh/Documents/_workspace/Reference_Project(Infineon_TC275)/Src_RefPrj/Debug/TASKING_C_C___Compiler-Include_paths.opt" --iso=99 --c++14 --language=+volatile --exceptions --anachronisms --fp-model=3 -O0 --tradeoff=4 --compact-max-size=200 -g -Wc-w544 -Wc-w557 -Ctc27xd -o "Libraries/iLLD/TC27D/Tricore/_Impl/IfxCcu6_cfg.src"  "../Libraries/iLLD/TC27D/Tricore/_Impl/IfxCcu6_cfg.c"  -cs --dep-file="Libraries/iLLD/TC27D/Tricore/_Impl/IfxCcu6_cfg.d" --misrac-version=2012 -N0 -Z0 -Y0 2>&1;
TASKING VX-toolset for AURIX Development Studio (non-commercial): control program v1.1r8 Build 22011964
Finished building: ../Libraries/iLLD/TC27D/Tricore/_Impl/IfxCcu6_cfg.c
 
Building file: ../Libraries/iLLD/TC27D/Tricore/_Impl/IfxCif_cfg.c
Invoking: TASKING C/C++ Compiler
cctc -D__CPU__=tc27xd "-fC:/Users/ldh/Documents/_workspace/Reference_Project(Infineon_TC275)/Src_RefPrj/Debug/TASKING_C_C___Compiler-Include_paths.opt" --iso=99 --c++14 --language=+volatile --exceptions --anachronisms --fp-model=3 -O0 --tradeoff=4 --compact-max-size=200 -g -Wc-w544 -Wc-w557 -Ctc27xd -o "Libraries/iLLD/TC27D/Tricore/_Impl/IfxCif_cfg.src"  "../Libraries/iLLD/TC27D/Tricore/_Impl/IfxCif_cfg.c"  -cs --dep-file="Libraries/iLLD/TC27D/Tricore/_Impl/IfxCif_cfg.d" --misrac-version=2012 -N0 -Z0 -Y0 2>&1;
TASKING VX-toolset for AURIX Development Studio (non-commercial): control program v1.1r8 Build 22011964
Finished building: ../Libraries/iLLD/TC27D/Tricore/_Impl/IfxCif_cfg.c
 
Building file: ../Libraries/iLLD/TC27D/Tricore/_PinMap/IfxSent_PinMap.c
Invoking: TASKING C/C++ Compiler
cctc -D__CPU__=tc27xd "-fC:/Users/ldh/Documents/_workspace/Reference_Project(Infineon_TC275)/Src_RefPrj/Debug/TASKING_C_C___Compiler-Include_paths.opt" --iso=99 --c++14 --language=+volatile --exceptions --anachronisms --fp-model=3 -O0 --tradeoff=4 --compact-max-size=200 -g -Wc-w544 -Wc-w557 -Ctc27xd -o "Libraries/iLLD/TC27D/Tricore/_PinMap/IfxSent_PinMap.src"  "../Libraries/iLLD/TC27D/Tricore/_PinMap/IfxSent_PinMap.c"  -cs --dep-file="Libraries/iLLD/TC27D/Tricore/_PinMap/IfxSent_PinMap.d" --misrac-version=2012 -N0 -Z0 -Y0 2>&1;
TASKING VX-toolset for AURIX Development Studio (non-commercial): control program v1.1r8 Build 22011964
Finished building: ../Libraries/iLLD/TC27D/Tricore/_PinMap/IfxSent_PinMap.c
 
Building file: ../Libraries/iLLD/TC27D/Tricore/_Impl/IfxDma_cfg.c
Invoking: TASKING C/C++ Compiler
cctc -D__CPU__=tc27xd "-fC:/Users/ldh/Documents/_workspace/Reference_Project(Infineon_TC275)/Src_RefPrj/Debug/TASKING_C_C___Compiler-Include_paths.opt" --iso=99 --c++14 --language=+volatile --exceptions --anachronisms --fp-model=3 -O0 --tradeoff=4 --compact-max-size=200 -g -Wc-w544 -Wc-w557 -Ctc27xd -o "Libraries/iLLD/TC27D/Tricore/_Impl/IfxDma_cfg.src"  "../Libraries/iLLD/TC27D/Tricore/_Impl/IfxDma_cfg.c"  -cs --dep-file="Libraries/iLLD/TC27D/Tricore/_Impl/IfxDma_cfg.d" --misrac-version=2012 -N0 -Z0 -Y0 2>&1;
TASKING VX-toolset for AURIX Development Studio (non-commercial): control program v1.1r8 Build 22011964
Finished building: ../Libraries/iLLD/TC27D/Tricore/_Impl/IfxDma_cfg.c
 
Building file: ../Libraries/iLLD/TC27D/Tricore/_PinMap/IfxSmu_PinMap.c
Invoking: TASKING C/C++ Compiler
cctc -D__CPU__=tc27xd "-fC:/Users/ldh/Documents/_workspace/Reference_Project(Infineon_TC275)/Src_RefPrj/Debug/TASKING_C_C___Compiler-Include_paths.opt" --iso=99 --c++14 --language=+volatile --exceptions --anachronisms --fp-model=3 -O0 --tradeoff=4 --compact-max-size=200 -g -Wc-w544 -Wc-w557 -Ctc27xd -o "Libraries/iLLD/TC27D/Tricore/_PinMap/IfxSmu_PinMap.src"  "../Libraries/iLLD/TC27D/Tricore/_PinMap/IfxSmu_PinMap.c"  -cs --dep-file="Libraries/iLLD/TC27D/Tricore/_PinMap/IfxSmu_PinMap.d" --misrac-version=2012 -N0 -Z0 -Y0 2>&1;
TASKING VX-toolset for AURIX Development Studio (non-commercial): control program v1.1r8 Build 22011964
Finished building: ../Libraries/iLLD/TC27D/Tricore/_PinMap/IfxSmu_PinMap.c
 
Building file: ../Libraries/iLLD/TC27D/Tricore/_Impl/IfxCpu_cfg.c
Invoking: TASKING C/C++ Compiler
cctc -D__CPU__=tc27xd "-fC:/Users/ldh/Documents/_workspace/Reference_Project(Infineon_TC275)/Src_RefPrj/Debug/TASKING_C_C___Compiler-Include_paths.opt" --iso=99 --c++14 --language=+volatile --exceptions --anachronisms --fp-model=3 -O0 --tradeoff=4 --compact-max-size=200 -g -Wc-w544 -Wc-w557 -Ctc27xd -o "Libraries/iLLD/TC27D/Tricore/_Impl/IfxCpu_cfg.src"  "../Libraries/iLLD/TC27D/Tricore/_Impl/IfxCpu_cfg.c"  -cs --dep-file="Libraries/iLLD/TC27D/Tricore/_Impl/IfxCpu_cfg.d" --misrac-version=2012 -N0 -Z0 -Y0 2>&1;
TASKING VX-toolset for AURIX Development Studio (non-commercial): control program v1.1r8 Build 22011964
Finished building: ../Libraries/iLLD/TC27D/Tricore/_Impl/IfxCpu_cfg.c
 
Building file: ../Libraries/iLLD/TC27D/Tricore/_Impl/IfxEmem_cfg.c
Invoking: TASKING C/C++ Compiler
cctc -D__CPU__=tc27xd "-fC:/Users/ldh/Documents/_workspace/Reference_Project(Infineon_TC275)/Src_RefPrj/Debug/TASKING_C_C___Compiler-Include_paths.opt" --iso=99 --c++14 --language=+volatile --exceptions --anachronisms --fp-model=3 -O0 --tradeoff=4 --compact-max-size=200 -g -Wc-w544 -Wc-w557 -Ctc27xd -o "Libraries/iLLD/TC27D/Tricore/_Impl/IfxEmem_cfg.src"  "../Libraries/iLLD/TC27D/Tricore/_Impl/IfxEmem_cfg.c"  -cs --dep-file="Libraries/iLLD/TC27D/Tricore/_Impl/IfxEmem_cfg.d" --misrac-version=2012 -N0 -Z0 -Y0 2>&1;
TASKING VX-toolset for AURIX Development Studio (non-commercial): control program v1.1r8 Build 22011964
Finished building: ../Libraries/iLLD/TC27D/Tricore/_Impl/IfxEmem_cfg.c
 
Building file: ../Libraries/iLLD/TC27D/Tricore/_PinMap/IfxVadc_PinMap.c
Invoking: TASKING C/C++ Compiler
cctc -D__CPU__=tc27xd "-fC:/Users/ldh/Documents/_workspace/Reference_Project(Infineon_TC275)/Src_RefPrj/Debug/TASKING_C_C___Compiler-Include_paths.opt" --iso=99 --c++14 --language=+volatile --exceptions --anachronisms --fp-model=3 -O0 --tradeoff=4 --compact-max-size=200 -g -Wc-w544 -Wc-w557 -Ctc27xd -o "Libraries/iLLD/TC27D/Tricore/_PinMap/IfxVadc_PinMap.src"  "../Libraries/iLLD/TC27D/Tricore/_PinMap/IfxVadc_PinMap.c"  -cs --dep-file="Libraries/iLLD/TC27D/Tricore/_PinMap/IfxVadc_PinMap.d" --misrac-version=2012 -N0 -Z0 -Y0 2>&1;
TASKING VX-toolset for AURIX Development Studio (non-commercial): control program v1.1r8 Build 22011964
Finished building: ../Libraries/iLLD/TC27D/Tricore/_PinMap/IfxVadc_PinMap.c
 
Building file: ../Libraries/iLLD/TC27D/Tricore/_Impl/IfxFlash_cfg.c
Invoking: TASKING C/C++ Compiler
cctc -D__CPU__=tc27xd "-fC:/Users/ldh/Documents/_workspace/Reference_Project(Infineon_TC275)/Src_RefPrj/Debug/TASKING_C_C___Compiler-Include_paths.opt" --iso=99 --c++14 --language=+volatile --exceptions --anachronisms --fp-model=3 -O0 --tradeoff=4 --compact-max-size=200 -g -Wc-w544 -Wc-w557 -Ctc27xd -o "Libraries/iLLD/TC27D/Tricore/_Impl/IfxFlash_cfg.src"  "../Libraries/iLLD/TC27D/Tricore/_Impl/IfxFlash_cfg.c"  -cs --dep-file="Libraries/iLLD/TC27D/Tricore/_Impl/IfxFlash_cfg.d" --misrac-version=2012 -N0 -Z0 -Y0 2>&1;
TASKING VX-toolset for AURIX Development Studio (non-commercial): control program v1.1r8 Build 22011964
Finished building: ../Libraries/iLLD/TC27D/Tricore/_Impl/IfxFlash_cfg.c
 
Building file: ../Libraries/iLLD/TC27D/Tricore/_Impl/IfxEray_cfg.c
Invoking: TASKING C/C++ Compiler
cctc -D__CPU__=tc27xd "-fC:/Users/ldh/Documents/_workspace/Reference_Project(Infineon_TC275)/Src_RefPrj/Debug/TASKING_C_C___Compiler-Include_paths.opt" --iso=99 --c++14 --language=+volatile --exceptions --anachronisms --fp-model=3 -O0 --tradeoff=4 --compact-max-size=200 -g -Wc-w544 -Wc-w557 -Ctc27xd -o "Libraries/iLLD/TC27D/Tricore/_Impl/IfxEray_cfg.src"  "../Libraries/iLLD/TC27D/Tricore/_Impl/IfxEray_cfg.c"  -cs --dep-file="Libraries/iLLD/TC27D/Tricore/_Impl/IfxEray_cfg.d" --misrac-version=2012 -N0 -Z0 -Y0 2>&1;
TASKING VX-toolset for AURIX Development Studio (non-commercial): control program v1.1r8 Build 22011964
Finished building: ../Libraries/iLLD/TC27D/Tricore/_Impl/IfxEray_cfg.c
 
Building file: ../Libraries/iLLD/TC27D/Tricore/_Impl/IfxHssl_cfg.c
Invoking: TASKING C/C++ Compiler
cctc -D__CPU__=tc27xd "-fC:/Users/ldh/Documents/_workspace/Reference_Project(Infineon_TC275)/Src_RefPrj/Debug/TASKING_C_C___Compiler-Include_paths.opt" --iso=99 --c++14 --language=+volatile --exceptions --anachronisms --fp-model=3 -O0 --tradeoff=4 --compact-max-size=200 -g -Wc-w544 -Wc-w557 -Ctc27xd -o "Libraries/iLLD/TC27D/Tricore/_Impl/IfxHssl_cfg.src"  "../Libraries/iLLD/TC27D/Tricore/_Impl/IfxHssl_cfg.c"  -cs --dep-file="Libraries/iLLD/TC27D/Tricore/_Impl/IfxHssl_cfg.d" --misrac-version=2012 -N0 -Z0 -Y0 2>&1;
TASKING VX-toolset for AURIX Development Studio (non-commercial): control program v1.1r8 Build 22011964
Finished building: ../Libraries/iLLD/TC27D/Tricore/_Impl/IfxHssl_cfg.c
 
Building file: ../Libraries/iLLD/TC27D/Tricore/_Impl/IfxI2c_cfg.c
Invoking: TASKING C/C++ Compiler
cctc -D__CPU__=tc27xd "-fC:/Users/ldh/Documents/_workspace/Reference_Project(Infineon_TC275)/Src_RefPrj/Debug/TASKING_C_C___Compiler-Include_paths.opt" --iso=99 --c++14 --language=+volatile --exceptions --anachronisms --fp-model=3 -O0 --tradeoff=4 --compact-max-size=200 -g -Wc-w544 -Wc-w557 -Ctc27xd -o "Libraries/iLLD/TC27D/Tricore/_Impl/IfxI2c_cfg.src"  "../Libraries/iLLD/TC27D/Tricore/_Impl/IfxI2c_cfg.c"  -cs --dep-file="Libraries/iLLD/TC27D/Tricore/_Impl/IfxI2c_cfg.d" --misrac-version=2012 -N0 -Z0 -Y0 2>&1;
TASKING VX-toolset for AURIX Development Studio (non-commercial): control program v1.1r8 Build 22011964
Finished building: ../Libraries/iLLD/TC27D/Tricore/_Impl/IfxI2c_cfg.c
 
Building file: ../Libraries/iLLD/TC27D/Tricore/_PinMap/IfxGtm_PinMap.c
Invoking: TASKING C/C++ Compiler
cctc -D__CPU__=tc27xd "-fC:/Users/ldh/Documents/_workspace/Reference_Project(Infineon_TC275)/Src_RefPrj/Debug/TASKING_C_C___Compiler-Include_paths.opt" --iso=99 --c++14 --language=+volatile --exceptions --anachronisms --fp-model=3 -O0 --tradeoff=4 --compact-max-size=200 -g -Wc-w544 -Wc-w557 -Ctc27xd -o "Libraries/iLLD/TC27D/Tricore/_PinMap/IfxGtm_PinMap.src"  "../Libraries/iLLD/TC27D/Tricore/_PinMap/IfxGtm_PinMap.c"  -cs --dep-file="Libraries/iLLD/TC27D/Tricore/_PinMap/IfxGtm_PinMap.d" --misrac-version=2012 -N0 -Z0 -Y0 2>&1;
TASKING VX-toolset for AURIX Development Studio (non-commercial): control program v1.1r8 Build 22011964
Finished building: ../Libraries/iLLD/TC27D/Tricore/_PinMap/IfxGtm_PinMap.c
 
Building file: ../Libraries/iLLD/TC27D/Tricore/_Impl/IfxMsc_cfg.c
Invoking: TASKING C/C++ Compiler
cctc -D__CPU__=tc27xd "-fC:/Users/ldh/Documents/_workspace/Reference_Project(Infineon_TC275)/Src_RefPrj/Debug/TASKING_C_C___Compiler-Include_paths.opt" --iso=99 --c++14 --language=+volatile --exceptions --anachronisms --fp-model=3 -O0 --tradeoff=4 --compact-max-size=200 -g -Wc-w544 -Wc-w557 -Ctc27xd -o "Libraries/iLLD/TC27D/Tricore/_Impl/IfxMsc_cfg.src"  "../Libraries/iLLD/TC27D/Tricore/_Impl/IfxMsc_cfg.c"  -cs --dep-file="Libraries/iLLD/TC27D/Tricore/_Impl/IfxMsc_cfg.d" --misrac-version=2012 -N0 -Z0 -Y0 2>&1;
TASKING VX-toolset for AURIX Development Studio (non-commercial): control program v1.1r8 Build 22011964
Finished building: ../Libraries/iLLD/TC27D/Tricore/_Impl/IfxMsc_cfg.c
 
Building file: ../Libraries/iLLD/TC27D/Tricore/_Impl/IfxPort_cfg.c
Invoking: TASKING C/C++ Compiler
cctc -D__CPU__=tc27xd "-fC:/Users/ldh/Documents/_workspace/Reference_Project(Infineon_TC275)/Src_RefPrj/Debug/TASKING_C_C___Compiler-Include_paths.opt" --iso=99 --c++14 --language=+volatile --exceptions --anachronisms --fp-model=3 -O0 --tradeoff=4 --compact-max-size=200 -g -Wc-w544 -Wc-w557 -Ctc27xd -o "Libraries/iLLD/TC27D/Tricore/_Impl/IfxPort_cfg.src"  "../Libraries/iLLD/TC27D/Tricore/_Impl/IfxPort_cfg.c"  -cs --dep-file="Libraries/iLLD/TC27D/Tricore/_Impl/IfxPort_cfg.d" --misrac-version=2012 -N0 -Z0 -Y0 2>&1;
TASKING VX-toolset for AURIX Development Studio (non-commercial): control program v1.1r8 Build 22011964
Finished building: ../Libraries/iLLD/TC27D/Tricore/_Impl/IfxPort_cfg.c
 
Building file: ../Libraries/iLLD/TC27D/Tricore/_Impl/IfxMultican_cfg.c
Invoking: TASKING C/C++ Compiler
cctc -D__CPU__=tc27xd "-fC:/Users/ldh/Documents/_workspace/Reference_Project(Infineon_TC275)/Src_RefPrj/Debug/TASKING_C_C___Compiler-Include_paths.opt" --iso=99 --c++14 --language=+volatile --exceptions --anachronisms --fp-model=3 -O0 --tradeoff=4 --compact-max-size=200 -g -Wc-w544 -Wc-w557 -Ctc27xd -o "Libraries/iLLD/TC27D/Tricore/_Impl/IfxMultican_cfg.src"  "../Libraries/iLLD/TC27D/Tricore/_Impl/IfxMultican_cfg.c"  -cs --dep-file="Libraries/iLLD/TC27D/Tricore/_Impl/IfxMultican_cfg.d" --misrac-version=2012 -N0 -Z0 -Y0 2>&1;
TASKING VX-toolset for AURIX Development Studio (non-commercial): control program v1.1r8 Build 22011964
Finished building: ../Libraries/iLLD/TC27D/Tricore/_Impl/IfxMultican_cfg.c
 
Building file: ../Libraries/iLLD/TC27D/Tricore/_Impl/IfxPsi5_cfg.c
Invoking: TASKING C/C++ Compiler
cctc -D__CPU__=tc27xd "-fC:/Users/ldh/Documents/_workspace/Reference_Project(Infineon_TC275)/Src_RefPrj/Debug/TASKING_C_C___Compiler-Include_paths.opt" --iso=99 --c++14 --language=+volatile --exceptions --anachronisms --fp-model=3 -O0 --tradeoff=4 --compact-max-size=200 -g -Wc-w544 -Wc-w557 -Ctc27xd -o "Libraries/iLLD/TC27D/Tricore/_Impl/IfxPsi5_cfg.src"  "../Libraries/iLLD/TC27D/Tricore/_Impl/IfxPsi5_cfg.c"  -cs --dep-file="Libraries/iLLD/TC27D/Tricore/_Impl/IfxPsi5_cfg.d" --misrac-version=2012 -N0 -Z0 -Y0 2>&1;
TASKING VX-toolset for AURIX Development Studio (non-commercial): control program v1.1r8 Build 22011964
Finished building: ../Libraries/iLLD/TC27D/Tricore/_Impl/IfxPsi5_cfg.c
 
Building file: ../Libraries/iLLD/TC27D/Tricore/_Impl/IfxQspi_cfg.c
Invoking: TASKING C/C++ Compiler
cctc -D__CPU__=tc27xd "-fC:/Users/ldh/Documents/_workspace/Reference_Project(Infineon_TC275)/Src_RefPrj/Debug/TASKING_C_C___Compiler-Include_paths.opt" --iso=99 --c++14 --language=+volatile --exceptions --anachronisms --fp-model=3 -O0 --tradeoff=4 --compact-max-size=200 -g -Wc-w544 -Wc-w557 -Ctc27xd -o "Libraries/iLLD/TC27D/Tricore/_Impl/IfxQspi_cfg.src"  "../Libraries/iLLD/TC27D/Tricore/_Impl/IfxQspi_cfg.c"  -cs --dep-file="Libraries/iLLD/TC27D/Tricore/_Impl/IfxQspi_cfg.d" --misrac-version=2012 -N0 -Z0 -Y0 2>&1;
TASKING VX-toolset for AURIX Development Studio (non-commercial): control program v1.1r8 Build 22011964
Finished building: ../Libraries/iLLD/TC27D/Tricore/_Impl/IfxQspi_cfg.c
 
Building file: ../Libraries/iLLD/TC27D/Tricore/_Impl/IfxGtm_cfg.c
Invoking: TASKING C/C++ Compiler
cctc -D__CPU__=tc27xd "-fC:/Users/ldh/Documents/_workspace/Reference_Project(Infineon_TC275)/Src_RefPrj/Debug/TASKING_C_C___Compiler-Include_paths.opt" --iso=99 --c++14 --language=+volatile --exceptions --anachronisms --fp-model=3 -O0 --tradeoff=4 --compact-max-size=200 -g -Wc-w544 -Wc-w557 -Ctc27xd -o "Libraries/iLLD/TC27D/Tricore/_Impl/IfxGtm_cfg.src"  "../Libraries/iLLD/TC27D/Tricore/_Impl/IfxGtm_cfg.c"  -cs --dep-file="Libraries/iLLD/TC27D/Tricore/_Impl/IfxGtm_cfg.d" --misrac-version=2012 -N0 -Z0 -Y0 2>&1;
TASKING VX-toolset for AURIX Development Studio (non-commercial): control program v1.1r8 Build 22011964
Finished building: ../Libraries/iLLD/TC27D/Tricore/_Impl/IfxGtm_cfg.c
 
Building file: ../Libraries/iLLD/TC27D/Tricore/_Impl/IfxScu_cfg.c
Invoking: TASKING C/C++ Compiler
cctc -D__CPU__=tc27xd "-fC:/Users/ldh/Documents/_workspace/Reference_Project(Infineon_TC275)/Src_RefPrj/Debug/TASKING_C_C___Compiler-Include_paths.opt" --iso=99 --c++14 --language=+volatile --exceptions --anachronisms --fp-model=3 -O0 --tradeoff=4 --compact-max-size=200 -g -Wc-w544 -Wc-w557 -Ctc27xd -o "Libraries/iLLD/TC27D/Tricore/_Impl/IfxScu_cfg.src"  "../Libraries/iLLD/TC27D/Tricore/_Impl/IfxScu_cfg.c"  -cs --dep-file="Libraries/iLLD/TC27D/Tricore/_Impl/IfxScu_cfg.d" --misrac-version=2012 -N0 -Z0 -Y0 2>&1;
TASKING VX-toolset for AURIX Development Studio (non-commercial): control program v1.1r8 Build 22011964
Finished building: ../Libraries/iLLD/TC27D/Tricore/_Impl/IfxScu_cfg.c
 
Building file: ../Libraries/iLLD/TC27D/Tricore/_Impl/IfxSent_cfg.c
Invoking: TASKING C/C++ Compiler
cctc -D__CPU__=tc27xd "-fC:/Users/ldh/Documents/_workspace/Reference_Project(Infineon_TC275)/Src_RefPrj/Debug/TASKING_C_C___Compiler-Include_paths.opt" --iso=99 --c++14 --language=+volatile --exceptions --anachronisms --fp-model=3 -O0 --tradeoff=4 --compact-max-size=200 -g -Wc-w544 -Wc-w557 -Ctc27xd -o "Libraries/iLLD/TC27D/Tricore/_Impl/IfxSent_cfg.src"  "../Libraries/iLLD/TC27D/Tricore/_Impl/IfxSent_cfg.c"  -cs --dep-file="Libraries/iLLD/TC27D/Tricore/_Impl/IfxSent_cfg.d" --misrac-version=2012 -N0 -Z0 -Y0 2>&1;
TASKING VX-toolset for AURIX Development Studio (non-commercial): control program v1.1r8 Build 22011964
Finished building: ../Libraries/iLLD/TC27D/Tricore/_Impl/IfxSent_cfg.c
 
Building file: ../Libraries/iLLD/TC27D/Tricore/_Impl/IfxSmu_cfg.c
Invoking: TASKING C/C++ Compiler
cctc -D__CPU__=tc27xd "-fC:/Users/ldh/Documents/_workspace/Reference_Project(Infineon_TC275)/Src_RefPrj/Debug/TASKING_C_C___Compiler-Include_paths.opt" --iso=99 --c++14 --language=+volatile --exceptions --anachronisms --fp-model=3 -O0 --tradeoff=4 --compact-max-size=200 -g -Wc-w544 -Wc-w557 -Ctc27xd -o "Libraries/iLLD/TC27D/Tricore/_Impl/IfxSmu_cfg.src"  "../Libraries/iLLD/TC27D/Tricore/_Impl/IfxSmu_cfg.c"  -cs --dep-file="Libraries/iLLD/TC27D/Tricore/_Impl/IfxSmu_cfg.d" --misrac-version=2012 -N0 -Z0 -Y0 2>&1;
TASKING VX-toolset for AURIX Development Studio (non-commercial): control program v1.1r8 Build 22011964
Finished building: ../Libraries/iLLD/TC27D/Tricore/_Impl/IfxSmu_cfg.c
 
Building file: ../Libraries/iLLD/TC27D/Tricore/_Impl/IfxSrc_cfg.c
Invoking: TASKING C/C++ Compiler
cctc -D__CPU__=tc27xd "-fC:/Users/ldh/Documents/_workspace/Reference_Project(Infineon_TC275)/Src_RefPrj/Debug/TASKING_C_C___Compiler-Include_paths.opt" --iso=99 --c++14 --language=+volatile --exceptions --anachronisms --fp-model=3 -O0 --tradeoff=4 --compact-max-size=200 -g -Wc-w544 -Wc-w557 -Ctc27xd -o "Libraries/iLLD/TC27D/Tricore/_Impl/IfxSrc_cfg.src"  "../Libraries/iLLD/TC27D/Tricore/_Impl/IfxSrc_cfg.c"  -cs --dep-file="Libraries/iLLD/TC27D/Tricore/_Impl/IfxSrc_cfg.d" --misrac-version=2012 -N0 -Z0 -Y0 2>&1;
TASKING VX-toolset for AURIX Development Studio (non-commercial): control program v1.1r8 Build 22011964
Finished building: ../Libraries/iLLD/TC27D/Tricore/_Impl/IfxSrc_cfg.c
 
Building file: ../Libraries/iLLD/TC27D/Tricore/_Impl/IfxMtu_cfg.c
Invoking: TASKING C/C++ Compiler
cctc -D__CPU__=tc27xd "-fC:/Users/ldh/Documents/_workspace/Reference_Project(Infineon_TC275)/Src_RefPrj/Debug/TASKING_C_C___Compiler-Include_paths.opt" --iso=99 --c++14 --language=+volatile --exceptions --anachronisms --fp-model=3 -O0 --tradeoff=4 --compact-max-size=200 -g -Wc-w544 -Wc-w557 -Ctc27xd -o "Libraries/iLLD/TC27D/Tricore/_Impl/IfxMtu_cfg.src"  "../Libraries/iLLD/TC27D/Tricore/_Impl/IfxMtu_cfg.c"  -cs --dep-file="Libraries/iLLD/TC27D/Tricore/_Impl/IfxMtu_cfg.d" --misrac-version=2012 -N0 -Z0 -Y0 2>&1;
TASKING VX-toolset for AURIX Development Studio (non-commercial): control program v1.1r8 Build 22011964
Finished building: ../Libraries/iLLD/TC27D/Tricore/_Impl/IfxMtu_cfg.c
 
Building file: ../Libraries/iLLD/TC27D/Tricore/_Impl/IfxStm_cfg.c
Invoking: TASKING C/C++ Compiler
cctc -D__CPU__=tc27xd "-fC:/Users/ldh/Documents/_workspace/Reference_Project(Infineon_TC275)/Src_RefPrj/Debug/TASKING_C_C___Compiler-Include_paths.opt" --iso=99 --c++14 --language=+volatile --exceptions --anachronisms --fp-model=3 -O0 --tradeoff=4 --compact-max-size=200 -g -Wc-w544 -Wc-w557 -Ctc27xd -o "Libraries/iLLD/TC27D/Tricore/_Impl/IfxStm_cfg.src"  "../Libraries/iLLD/TC27D/Tricore/_Impl/IfxStm_cfg.c"  -cs --dep-file="Libraries/iLLD/TC27D/Tricore/_Impl/IfxStm_cfg.d" --misrac-version=2012 -N0 -Z0 -Y0 2>&1;
TASKING VX-toolset for AURIX Development Studio (non-commercial): control program v1.1r8 Build 22011964
Finished building: ../Libraries/iLLD/TC27D/Tricore/_Impl/IfxStm_cfg.c
 
Building file: ../Libraries/iLLD/TC27D/Tricore/_Impl/IfxVadc_cfg.c
Invoking: TASKING C/C++ Compiler
cctc -D__CPU__=tc27xd "-fC:/Users/ldh/Documents/_workspace/Reference_Project(Infineon_TC275)/Src_RefPrj/Debug/TASKING_C_C___Compiler-Include_paths.opt" --iso=99 --c++14 --language=+volatile --exceptions --anachronisms --fp-model=3 -O0 --tradeoff=4 --compact-max-size=200 -g -Wc-w544 -Wc-w557 -Ctc27xd -o "Libraries/iLLD/TC27D/Tricore/_Impl/IfxVadc_cfg.src"  "../Libraries/iLLD/TC27D/Tricore/_Impl/IfxVadc_cfg.c"  -cs --dep-file="Libraries/iLLD/TC27D/Tricore/_Impl/IfxVadc_cfg.d" --misrac-version=2012 -N0 -Z0 -Y0 2>&1;
TASKING VX-toolset for AURIX Development Studio (non-commercial): control program v1.1r8 Build 22011964
Finished building: ../Libraries/iLLD/TC27D/Tricore/_Impl/IfxVadc_cfg.c
 
Building file: ../Libraries/iLLD/TC27D/Tricore/Src/Std/IfxSrc.c
Invoking: TASKING C/C++ Compiler
cctc -D__CPU__=tc27xd "-fC:/Users/ldh/Documents/_workspace/Reference_Project(Infineon_TC275)/Src_RefPrj/Debug/TASKING_C_C___Compiler-Include_paths.opt" --iso=99 --c++14 --language=+volatile --exceptions --anachronisms --fp-model=3 -O0 --tradeoff=4 --compact-max-size=200 -g -Wc-w544 -Wc-w557 -Ctc27xd -o "Libraries/iLLD/TC27D/Tricore/Src/Std/IfxSrc.src"  "../Libraries/iLLD/TC27D/Tricore/Src/Std/IfxSrc.c"  -cs --dep-file="Libraries/iLLD/TC27D/Tricore/Src/Std/IfxSrc.d" --misrac-version=2012 -N0 -Z0 -Y0 2>&1;
TASKING VX-toolset for AURIX Development Studio (non-commercial): control program v1.1r8 Build 22011964
Finished building: ../Libraries/iLLD/TC27D/Tricore/Src/Std/IfxSrc.c
 
Building file: ../Libraries/iLLD/TC27D/Tricore/Port/Std/IfxPort.c
Invoking: TASKING C/C++ Compiler
cctc -D__CPU__=tc27xd "-fC:/Users/ldh/Documents/_workspace/Reference_Project(Infineon_TC275)/Src_RefPrj/Debug/TASKING_C_C___Compiler-Include_paths.opt" --iso=99 --c++14 --language=+volatile --exceptions --anachronisms --fp-model=3 -O0 --tradeoff=4 --compact-max-size=200 -g -Wc-w544 -Wc-w557 -Ctc27xd -o "Libraries/iLLD/TC27D/Tricore/Port/Std/IfxPort.src"  "../Libraries/iLLD/TC27D/Tricore/Port/Std/IfxPort.c"  -cs --dep-file="Libraries/iLLD/TC27D/Tricore/Port/Std/IfxPort.d" --misrac-version=2012 -N0 -Z0 -Y0 2>&1;
TASKING VX-toolset for AURIX Development Studio (non-commercial): control program v1.1r8 Build 22011964
Finished building: ../Libraries/iLLD/TC27D/Tricore/Port/Std/IfxPort.c
 
Building file: ../Libraries/iLLD/TC27D/Tricore/Scu/Std/IfxScuCcu.c
Invoking: TASKING C/C++ Compiler
cctc -D__CPU__=tc27xd "-fC:/Users/ldh/Documents/_workspace/Reference_Project(Infineon_TC275)/Src_RefPrj/Debug/TASKING_C_C___Compiler-Include_paths.opt" --iso=99 --c++14 --language=+volatile --exceptions --anachronisms --fp-model=3 -O0 --tradeoff=4 --compact-max-size=200 -g -Wc-w544 -Wc-w557 -Ctc27xd -o "Libraries/iLLD/TC27D/Tricore/Scu/Std/IfxScuCcu.src"  "../Libraries/iLLD/TC27D/Tricore/Scu/Std/IfxScuCcu.c"  -cs --dep-file="Libraries/iLLD/TC27D/Tricore/Scu/Std/IfxScuCcu.d" --misrac-version=2012 -N0 -Z0 -Y0 2>&1;
TASKING VX-toolset for AURIX Development Studio (non-commercial): control program v1.1r8 Build 22011964
Finished building: ../Libraries/iLLD/TC27D/Tricore/Scu/Std/IfxScuCcu.c
 
Building file: ../Libraries/iLLD/TC27D/Tricore/Scu/Std/IfxScuEru.c
Invoking: TASKING C/C++ Compiler
cctc -D__CPU__=tc27xd "-fC:/Users/ldh/Documents/_workspace/Reference_Project(Infineon_TC275)/Src_RefPrj/Debug/TASKING_C_C___Compiler-Include_paths.opt" --iso=99 --c++14 --language=+volatile --exceptions --anachronisms --fp-model=3 -O0 --tradeoff=4 --compact-max-size=200 -g -Wc-w544 -Wc-w557 -Ctc27xd -o "Libraries/iLLD/TC27D/Tricore/Scu/Std/IfxScuEru.src"  "../Libraries/iLLD/TC27D/Tricore/Scu/Std/IfxScuEru.c"  -cs --dep-file="Libraries/iLLD/TC27D/Tricore/Scu/Std/IfxScuEru.d" --misrac-version=2012 -N0 -Z0 -Y0 2>&1;
TASKING VX-toolset for AURIX Development Studio (non-commercial): control program v1.1r8 Build 22011964
Finished building: ../Libraries/iLLD/TC27D/Tricore/Scu/Std/IfxScuEru.c
 
Building file: ../Libraries/iLLD/TC27D/Tricore/Scu/Std/IfxScuWdt.c
Invoking: TASKING C/C++ Compiler
cctc -D__CPU__=tc27xd "-fC:/Users/ldh/Documents/_workspace/Reference_Project(Infineon_TC275)/Src_RefPrj/Debug/TASKING_C_C___Compiler-Include_paths.opt" --iso=99 --c++14 --language=+volatile --exceptions --anachronisms --fp-model=3 -O0 --tradeoff=4 --compact-max-size=200 -g -Wc-w544 -Wc-w557 -Ctc27xd -o "Libraries/iLLD/TC27D/Tricore/Scu/Std/IfxScuWdt.src"  "../Libraries/iLLD/TC27D/Tricore/Scu/Std/IfxScuWdt.c"  -cs --dep-file="Libraries/iLLD/TC27D/Tricore/Scu/Std/IfxScuWdt.d" --misrac-version=2012 -N0 -Z0 -Y0 2>&1;
TASKING VX-toolset for AURIX Development Studio (non-commercial): control program v1.1r8 Build 22011964
Finished building: ../Libraries/iLLD/TC27D/Tricore/Scu/Std/IfxScuWdt.c
 
Building file: ../Libraries/iLLD/TC27D/Tricore/Gtm/Std/IfxGtm_Tbu.c
Invoking: TASKING C/C++ Compiler
cctc -D__CPU__=tc27xd "-fC:/Users/ldh/Documents/_workspace/Reference_Project(Infineon_TC275)/Src_RefPrj/Debug/TASKING_C_C___Compiler-Include_paths.opt" --iso=99 --c++14 --language=+volatile --exceptions --anachronisms --fp-model=3 -O0 --tradeoff=4 --compact-max-size=200 -g -Wc-w544 -Wc-w557 -Ctc27xd -o "Libraries/iLLD/TC27D/Tricore/Gtm/Std/IfxGtm_Tbu.src"  "../Libraries/iLLD/TC27D/Tricore/Gtm/Std/IfxGtm_Tbu.c"  -cs --dep-file="Libraries/iLLD/TC27D/Tricore/Gtm/Std/IfxGtm_Tbu.d" --misrac-version=2012 -N0 -Z0 -Y0 2>&1;
TASKING VX-toolset for AURIX Development Studio (non-commercial): control program v1.1r8 Build 22011964
Finished building: ../Libraries/iLLD/TC27D/Tricore/Gtm/Std/IfxGtm_Tbu.c
 
Building file: ../Libraries/iLLD/TC27D/Tricore/Mtu/Std/IfxMtu.c
Invoking: TASKING C/C++ Compiler
cctc -D__CPU__=tc27xd "-fC:/Users/ldh/Documents/_workspace/Reference_Project(Infineon_TC275)/Src_RefPrj/Debug/TASKING_C_C___Compiler-Include_paths.opt" --iso=99 --c++14 --language=+volatile --exceptions --anachronisms --fp-model=3 -O0 --tradeoff=4 --compact-max-size=200 -g -Wc-w544 -Wc-w557 -Ctc27xd -o "Libraries/iLLD/TC27D/Tricore/Mtu/Std/IfxMtu.src"  "../Libraries/iLLD/TC27D/Tricore/Mtu/Std/IfxMtu.c"  -cs --dep-file="Libraries/iLLD/TC27D/Tricore/Mtu/Std/IfxMtu.d" --misrac-version=2012 -N0 -Z0 -Y0 2>&1;
TASKING VX-toolset for AURIX Development Studio (non-commercial): control program v1.1r8 Build 22011964
Finished building: ../Libraries/iLLD/TC27D/Tricore/Mtu/Std/IfxMtu.c
 
Building file: ../Libraries/iLLD/TC27D/Tricore/Cpu/Trap/IfxCpu_Trap.c
Invoking: TASKING C/C++ Compiler
cctc -D__CPU__=tc27xd "-fC:/Users/ldh/Documents/_workspace/Reference_Project(Infineon_TC275)/Src_RefPrj/Debug/TASKING_C_C___Compiler-Include_paths.opt" --iso=99 --c++14 --language=+volatile --exceptions --anachronisms --fp-model=3 -O0 --tradeoff=4 --compact-max-size=200 -g -Wc-w544 -Wc-w557 -Ctc27xd -o "Libraries/iLLD/TC27D/Tricore/Cpu/Trap/IfxCpu_Trap.src"  "../Libraries/iLLD/TC27D/Tricore/Cpu/Trap/IfxCpu_Trap.c"  -cs --dep-file="Libraries/iLLD/TC27D/Tricore/Cpu/Trap/IfxCpu_Trap.d" --misrac-version=2012 -N0 -Z0 -Y0 2>&1;
TASKING VX-toolset for AURIX Development Studio (non-commercial): control program v1.1r8 Build 22011964
Finished building: ../Libraries/iLLD/TC27D/Tricore/Cpu/Trap/IfxCpu_Trap.c
 
Building file: ../Libraries/iLLD/TC27D/Tricore/Gtm/Std/IfxGtm.c
Invoking: TASKING C/C++ Compiler
cctc -D__CPU__=tc27xd "-fC:/Users/ldh/Documents/_workspace/Reference_Project(Infineon_TC275)/Src_RefPrj/Debug/TASKING_C_C___Compiler-Include_paths.opt" --iso=99 --c++14 --language=+volatile --exceptions --anachronisms --fp-model=3 -O0 --tradeoff=4 --compact-max-size=200 -g -Wc-w544 -Wc-w557 -Ctc27xd -o "Libraries/iLLD/TC27D/Tricore/Gtm/Std/IfxGtm.src"  "../Libraries/iLLD/TC27D/Tricore/Gtm/Std/IfxGtm.c"  -cs --dep-file="Libraries/iLLD/TC27D/Tricore/Gtm/Std/IfxGtm.d" --misrac-version=2012 -N0 -Z0 -Y0 2>&1;
TASKING VX-toolset for AURIX Development Studio (non-commercial): control program v1.1r8 Build 22011964
Finished building: ../Libraries/iLLD/TC27D/Tricore/Gtm/Std/IfxGtm.c
 
Building file: ../Libraries/iLLD/TC27D/Tricore/Gtm/Std/IfxGtm_Dpll.c
Invoking: TASKING C/C++ Compiler
cctc -D__CPU__=tc27xd "-fC:/Users/ldh/Documents/_workspace/Reference_Project(Infineon_TC275)/Src_RefPrj/Debug/TASKING_C_C___Compiler-Include_paths.opt" --iso=99 --c++14 --language=+volatile --exceptions --anachronisms --fp-model=3 -O0 --tradeoff=4 --compact-max-size=200 -g -Wc-w544 -Wc-w557 -Ctc27xd -o "Libraries/iLLD/TC27D/Tricore/Gtm/Std/IfxGtm_Dpll.src"  "../Libraries/iLLD/TC27D/Tricore/Gtm/Std/IfxGtm_Dpll.c"  -cs --dep-file="Libraries/iLLD/TC27D/Tricore/Gtm/Std/IfxGtm_Dpll.d" --misrac-version=2012 -N0 -Z0 -Y0 2>&1;
TASKING VX-toolset for AURIX Development Studio (non-commercial): control program v1.1r8 Build 22011964
Finished building: ../Libraries/iLLD/TC27D/Tricore/Gtm/Std/IfxGtm_Dpll.c
 
Building file: ../Libraries/Infra/Platform/Tricore/Compilers/CompilerDcc.c
Invoking: TASKING C/C++ Compiler
cctc -D__CPU__=tc27xd "-fC:/Users/ldh/Documents/_workspace/Reference_Project(Infineon_TC275)/Src_RefPrj/Debug/TASKING_C_C___Compiler-Include_paths.opt" --iso=99 --c++14 --language=+volatile --exceptions --anachronisms --fp-model=3 -O0 --tradeoff=4 --compact-max-size=200 -g -Wc-w544 -Wc-w557 -Ctc27xd -o "Libraries/Infra/Platform/Tricore/Compilers/CompilerDcc.src"  "../Libraries/Infra/Platform/Tricore/Compilers/CompilerDcc.c"  -cs --dep-file="Libraries/Infra/Platform/Tricore/Compilers/CompilerDcc.d" --misrac-version=2012 -N0 -Z0 -Y0 2>&1;
TASKING VX-toolset for AURIX Development Studio (non-commercial): control program v1.1r8 Build 22011964
Finished building: ../Libraries/Infra/Platform/Tricore/Compilers/CompilerDcc.c
 
Building file: ../Libraries/iLLD/TC27D/Tricore/Cpu/CStart/IfxCpu_CStart1.c
Invoking: TASKING C/C++ Compiler
cctc -D__CPU__=tc27xd "-fC:/Users/ldh/Documents/_workspace/Reference_Project(Infineon_TC275)/Src_RefPrj/Debug/TASKING_C_C___Compiler-Include_paths.opt" --iso=99 --c++14 --language=+volatile --exceptions --anachronisms --fp-model=3 -O0 --tradeoff=4 --compact-max-size=200 -g -Wc-w544 -Wc-w557 -Ctc27xd -o "Libraries/iLLD/TC27D/Tricore/Cpu/CStart/IfxCpu_CStart1.src"  "../Libraries/iLLD/TC27D/Tricore/Cpu/CStart/IfxCpu_CStart1.c"  -cs --dep-file="Libraries/iLLD/TC27D/Tricore/Cpu/CStart/IfxCpu_CStart1.d" --misrac-version=2012 -N0 -Z0 -Y0 2>&1;
TASKING VX-toolset for AURIX Development Studio (non-commercial): control program v1.1r8 Build 22011964
Finished building: ../Libraries/iLLD/TC27D/Tricore/Cpu/CStart/IfxCpu_CStart1.c
 
Building file: ../Libraries/iLLD/TC27D/Tricore/Gtm/Std/IfxGtm_Atom.c
Invoking: TASKING C/C++ Compiler
cctc -D__CPU__=tc27xd "-fC:/Users/ldh/Documents/_workspace/Reference_Project(Infineon_TC275)/Src_RefPrj/Debug/TASKING_C_C___Compiler-Include_paths.opt" --iso=99 --c++14 --language=+volatile --exceptions --anachronisms --fp-model=3 -O0 --tradeoff=4 --compact-max-size=200 -g -Wc-w544 -Wc-w557 -Ctc27xd -o "Libraries/iLLD/TC27D/Tricore/Gtm/Std/IfxGtm_Atom.src"  "../Libraries/iLLD/TC27D/Tricore/Gtm/Std/IfxGtm_Atom.c"  -cs --dep-file="Libraries/iLLD/TC27D/Tricore/Gtm/Std/IfxGtm_Atom.d" --misrac-version=2012 -N0 -Z0 -Y0 2>&1;
TASKING VX-toolset for AURIX Development Studio (non-commercial): control program v1.1r8 Build 22011964
Finished building: ../Libraries/iLLD/TC27D/Tricore/Gtm/Std/IfxGtm_Atom.c
 
Building file: ../Libraries/Infra/Platform/Tricore/Compilers/CompilerGnuc.c
Invoking: TASKING C/C++ Compiler
cctc -D__CPU__=tc27xd "-fC:/Users/ldh/Documents/_workspace/Reference_Project(Infineon_TC275)/Src_RefPrj/Debug/TASKING_C_C___Compiler-Include_paths.opt" --iso=99 --c++14 --language=+volatile --exceptions --anachronisms --fp-model=3 -O0 --tradeoff=4 --compact-max-size=200 -g -Wc-w544 -Wc-w557 -Ctc27xd -o "Libraries/Infra/Platform/Tricore/Compilers/CompilerGnuc.src"  "../Libraries/Infra/Platform/Tricore/Compilers/CompilerGnuc.c"  -cs --dep-file="Libraries/Infra/Platform/Tricore/Compilers/CompilerGnuc.d" --misrac-version=2012 -N0 -Z0 -Y0 2>&1;
TASKING VX-toolset for AURIX Development Studio (non-commercial): control program v1.1r8 Build 22011964
Finished building: ../Libraries/Infra/Platform/Tricore/Compilers/CompilerGnuc.c
 
Building file: ../Libraries/Infra/Platform/Tricore/Compilers/CompilerGhs.c
Invoking: TASKING C/C++ Compiler
cctc -D__CPU__=tc27xd "-fC:/Users/ldh/Documents/_workspace/Reference_Project(Infineon_TC275)/Src_RefPrj/Debug/TASKING_C_C___Compiler-Include_paths.opt" --iso=99 --c++14 --language=+volatile --exceptions --anachronisms --fp-model=3 -O0 --tradeoff=4 --compact-max-size=200 -g -Wc-w544 -Wc-w557 -Ctc27xd -o "Libraries/Infra/Platform/Tricore/Compilers/CompilerGhs.src"  "../Libraries/Infra/Platform/Tricore/Compilers/CompilerGhs.c"  -cs --dep-file="Libraries/Infra/Platform/Tricore/Compilers/CompilerGhs.d" --misrac-version=2012 -N0 -Z0 -Y0 2>&1;
TASKING VX-toolset for AURIX Development Studio (non-commercial): control program v1.1r8 Build 22011964
Finished building: ../Libraries/Infra/Platform/Tricore/Compilers/CompilerGhs.c
 
Building file: ../Libraries/iLLD/TC27D/Tricore/Cpu/CStart/IfxCpu_CStart0.c
Invoking: TASKING C/C++ Compiler
cctc -D__CPU__=tc27xd "-fC:/Users/ldh/Documents/_workspace/Reference_Project(Infineon_TC275)/Src_RefPrj/Debug/TASKING_C_C___Compiler-Include_paths.opt" --iso=99 --c++14 --language=+volatile --exceptions --anachronisms --fp-model=3 -O0 --tradeoff=4 --compact-max-size=200 -g -Wc-w544 -Wc-w557 -Ctc27xd -o "Libraries/iLLD/TC27D/Tricore/Cpu/CStart/IfxCpu_CStart0.src"  "../Libraries/iLLD/TC27D/Tricore/Cpu/CStart/IfxCpu_CStart0.c"  -cs --dep-file="Libraries/iLLD/TC27D/Tricore/Cpu/CStart/IfxCpu_CStart0.d" --misrac-version=2012 -N0 -Z0 -Y0 2>&1;
TASKING VX-toolset for AURIX Development Studio (non-commercial): control program v1.1r8 Build 22011964
Finished building: ../Libraries/iLLD/TC27D/Tricore/Cpu/CStart/IfxCpu_CStart0.c
 
Building file: ../Libraries/iLLD/TC27D/Tricore/Gtm/Std/IfxGtm_Tim.c
Invoking: TASKING C/C++ Compiler
cctc -D__CPU__=tc27xd "-fC:/Users/ldh/Documents/_workspace/Reference_Project(Infineon_TC275)/Src_RefPrj/Debug/TASKING_C_C___Compiler-Include_paths.opt" --iso=99 --c++14 --language=+volatile --exceptions --anachronisms --fp-model=3 -O0 --tradeoff=4 --compact-max-size=200 -g -Wc-w544 -Wc-w557 -Ctc27xd -o "Libraries/iLLD/TC27D/Tricore/Gtm/Std/IfxGtm_Tim.src"  "../Libraries/iLLD/TC27D/Tricore/Gtm/Std/IfxGtm_Tim.c"  -cs --dep-file="Libraries/iLLD/TC27D/Tricore/Gtm/Std/IfxGtm_Tim.d" --misrac-version=2012 -N0 -Z0 -Y0 2>&1;
TASKING VX-toolset for AURIX Development Studio (non-commercial): control program v1.1r8 Build 22011964
Finished building: ../Libraries/iLLD/TC27D/Tricore/Gtm/Std/IfxGtm_Tim.c
 
Building file: ../Libraries/iLLD/TC27D/Tricore/Cpu/Std/IfxCpu.c
Invoking: TASKING C/C++ Compiler
cctc -D__CPU__=tc27xd "-fC:/Users/ldh/Documents/_workspace/Reference_Project(Infineon_TC275)/Src_RefPrj/Debug/TASKING_C_C___Compiler-Include_paths.opt" --iso=99 --c++14 --language=+volatile --exceptions --anachronisms --fp-model=3 -O0 --tradeoff=4 --compact-max-size=200 -g -Wc-w544 -Wc-w557 -Ctc27xd -o "Libraries/iLLD/TC27D/Tricore/Cpu/Std/IfxCpu.src"  "../Libraries/iLLD/TC27D/Tricore/Cpu/Std/IfxCpu.c"  -cs --dep-file="Libraries/iLLD/TC27D/Tricore/Cpu/Std/IfxCpu.d" --misrac-version=2012 -N0 -Z0 -Y0 2>&1;
TASKING VX-toolset for AURIX Development Studio (non-commercial): control program v1.1r8 Build 22011964
Finished building: ../Libraries/iLLD/TC27D/Tricore/Cpu/Std/IfxCpu.c
 
Building file: ../Libraries/iLLD/TC27D/Tricore/Gtm/Std/IfxGtm_Tom.c
Invoking: TASKING C/C++ Compiler
cctc -D__CPU__=tc27xd "-fC:/Users/ldh/Documents/_workspace/Reference_Project(Infineon_TC275)/Src_RefPrj/Debug/TASKING_C_C___Compiler-Include_paths.opt" --iso=99 --c++14 --language=+volatile --exceptions --anachronisms --fp-model=3 -O0 --tradeoff=4 --compact-max-size=200 -g -Wc-w544 -Wc-w557 -Ctc27xd -o "Libraries/iLLD/TC27D/Tricore/Gtm/Std/IfxGtm_Tom.src"  "../Libraries/iLLD/TC27D/Tricore/Gtm/Std/IfxGtm_Tom.c"  -cs --dep-file="Libraries/iLLD/TC27D/Tricore/Gtm/Std/IfxGtm_Tom.d" --misrac-version=2012 -N0 -Z0 -Y0 2>&1;
TASKING VX-toolset for AURIX Development Studio (non-commercial): control program v1.1r8 Build 22011964
Finished building: ../Libraries/iLLD/TC27D/Tricore/Gtm/Std/IfxGtm_Tom.c
 
Building file: ../Libraries/iLLD/TC27D/Tricore/Gtm/Std/IfxGtm_Cmu.c
Invoking: TASKING C/C++ Compiler
cctc -D__CPU__=tc27xd "-fC:/Users/ldh/Documents/_workspace/Reference_Project(Infineon_TC275)/Src_RefPrj/Debug/TASKING_C_C___Compiler-Include_paths.opt" --iso=99 --c++14 --language=+volatile --exceptions --anachronisms --fp-model=3 -O0 --tradeoff=4 --compact-max-size=200 -g -Wc-w544 -Wc-w557 -Ctc27xd -o "Libraries/iLLD/TC27D/Tricore/Gtm/Std/IfxGtm_Cmu.src"  "../Libraries/iLLD/TC27D/Tricore/Gtm/Std/IfxGtm_Cmu.c"  -cs --dep-file="Libraries/iLLD/TC27D/Tricore/Gtm/Std/IfxGtm_Cmu.d" --misrac-version=2012 -N0 -Z0 -Y0 2>&1;
TASKING VX-toolset for AURIX Development Studio (non-commercial): control program v1.1r8 Build 22011964
Finished building: ../Libraries/iLLD/TC27D/Tricore/Gtm/Std/IfxGtm_Cmu.c
 
Building file: ../Libraries/Infra/Platform/Tricore/Compilers/CompilerTasking.c
Invoking: TASKING C/C++ Compiler
cctc -D__CPU__=tc27xd "-fC:/Users/ldh/Documents/_workspace/Reference_Project(Infineon_TC275)/Src_RefPrj/Debug/TASKING_C_C___Compiler-Include_paths.opt" --iso=99 --c++14 --language=+volatile --exceptions --anachronisms --fp-model=3 -O0 --tradeoff=4 --compact-max-size=200 -g -Wc-w544 -Wc-w557 -Ctc27xd -o "Libraries/Infra/Platform/Tricore/Compilers/CompilerTasking.src"  "../Libraries/Infra/Platform/Tricore/Compilers/CompilerTasking.c"  -cs --dep-file="Libraries/Infra/Platform/Tricore/Compilers/CompilerTasking.d" --misrac-version=2012 -N0 -Z0 -Y0 2>&1;
TASKING VX-toolset for AURIX Development Studio (non-commercial): control program v1.1r8 Build 22011964
Finished building: ../Libraries/Infra/Platform/Tricore/Compilers/CompilerTasking.c
 
Building file: ../Libraries/iLLD/TC27D/Tricore/Cpu/CStart/IfxCpu_CStart2.c
Invoking: TASKING C/C++ Compiler
cctc -D__CPU__=tc27xd "-fC:/Users/ldh/Documents/_workspace/Reference_Project(Infineon_TC275)/Src_RefPrj/Debug/TASKING_C_C___Compiler-Include_paths.opt" --iso=99 --c++14 --language=+volatile --exceptions --anachronisms --fp-model=3 -O0 --tradeoff=4 --compact-max-size=200 -g -Wc-w544 -Wc-w557 -Ctc27xd -o "Libraries/iLLD/TC27D/Tricore/Cpu/CStart/IfxCpu_CStart2.src"  "../Libraries/iLLD/TC27D/Tricore/Cpu/CStart/IfxCpu_CStart2.c"  -cs --dep-file="Libraries/iLLD/TC27D/Tricore/Cpu/CStart/IfxCpu_CStart2.d" --misrac-version=2012 -N0 -Z0 -Y0 2>&1;
TASKING VX-toolset for AURIX Development Studio (non-commercial): control program v1.1r8 Build 22011964
Finished building: ../Libraries/iLLD/TC27D/Tricore/Cpu/CStart/IfxCpu_CStart2.c
 
Building file: ../Cpu0_Main.c
Invoking: TASKING C/C++ Compiler
cctc -D__CPU__=tc27xd "-fC:/Users/ldh/Documents/_workspace/Reference_Project(Infineon_TC275)/Src_RefPrj/Debug/TASKING_C_C___Compiler-Include_paths.opt" --iso=99 --c++14 --language=+volatile --exceptions --anachronisms --fp-model=3 -O0 --tradeoff=4 --compact-max-size=200 -g -Wc-w544 -Wc-w557 -Ctc27xd -o "Cpu0_Main.src"  "../Cpu0_Main.c"  -cs --dep-file="Cpu0_Main.d" --misrac-version=2012 -N0 -Z0 -Y0 2>&1;
TASKING VX-toolset for AURIX Development Studio (non-commercial): control program v1.1r8 Build 22011964
Finished building: ../Cpu0_Main.c
 
Building file: ../Cpu1_Main.c
Invoking: TASKING C/C++ Compiler
cctc -D__CPU__=tc27xd "-fC:/Users/ldh/Documents/_workspace/Reference_Project(Infineon_TC275)/Src_RefPrj/Debug/TASKING_C_C___Compiler-Include_paths.opt" --iso=99 --c++14 --language=+volatile --exceptions --anachronisms --fp-model=3 -O0 --tradeoff=4 --compact-max-size=200 -g -Wc-w544 -Wc-w557 -Ctc27xd -o "Cpu1_Main.src"  "../Cpu1_Main.c"  -cs --dep-file="Cpu1_Main.d" --misrac-version=2012 -N0 -Z0 -Y0 2>&1;
TASKING VX-toolset for AURIX Development Studio (non-commercial): control program v1.1r8 Build 22011964
Finished building: ../Cpu1_Main.c
 
Building file: ../Cpu2_Main.c
Invoking: TASKING C/C++ Compiler
cctc -D__CPU__=tc27xd "-fC:/Users/ldh/Documents/_workspace/Reference_Project(Infineon_TC275)/Src_RefPrj/Debug/TASKING_C_C___Compiler-Include_paths.opt" --iso=99 --c++14 --language=+volatile --exceptions --anachronisms --fp-model=3 -O0 --tradeoff=4 --compact-max-size=200 -g -Wc-w544 -Wc-w557 -Ctc27xd -o "Cpu2_Main.src"  "../Cpu2_Main.c"  -cs --dep-file="Cpu2_Main.d" --misrac-version=2012 -N0 -Z0 -Y0 2>&1;
TASKING VX-toolset for AURIX Development Studio (non-commercial): control program v1.1r8 Build 22011964
Finished building: ../Cpu2_Main.c
 
Building file: ../Configurations/Debug/sync_on_halt.c
Invoking: TASKING C/C++ Compiler
cctc -D__CPU__=tc27xd "-fC:/Users/ldh/Documents/_workspace/Reference_Project(Infineon_TC275)/Src_RefPrj/Debug/TASKING_C_C___Compiler-Include_paths.opt" --iso=99 --c++14 --language=+volatile --exceptions --anachronisms --fp-model=3 -O0 --tradeoff=4 --compact-max-size=200 -g -Wc-w544 -Wc-w557 -Ctc27xd -o "Configurations/Debug/sync_on_halt.src"  "../Configurations/Debug/sync_on_halt.c"  -cs --dep-file="Configurations/Debug/sync_on_halt.d" --misrac-version=2012 -N0 -Z0 -Y0 2>&1;
TASKING VX-toolset for AURIX Development Studio (non-commercial): control program v1.1r8 Build 22011964
Finished building: ../Configurations/Debug/sync_on_halt.c
 
Building file: Libraries/iLLD/TC27D/Tricore/_PinMap/IfxScu_PinMap.src
TASKING VX-toolset for AURIX Development Studio (non-commercial): assembler v1.1r8 Build 22011964
Invoking: TASKING Assembler
astc -Og -Os --no-warnings= --error-limit=42 -o  "Libraries/iLLD/TC27D/Tricore/_PinMap/IfxScu_PinMap.o" "Libraries/iLLD/TC27D/Tricore/_PinMap/IfxScu_PinMap.src" --list-format=L1 --optimize=gs
Finished building: Libraries/iLLD/TC27D/Tricore/_PinMap/IfxScu_PinMap.src
 
Building file: Libraries/iLLD/TC27D/Tricore/_PinMap/IfxAsclin_PinMap.src
TASKING VX-toolset for AURIX Development Studio (non-commercial): assembler v1.1r8 Build 22011964
Invoking: TASKING Assembler
astc -Og -Os --no-warnings= --error-limit=42 -o  "Libraries/iLLD/TC27D/Tricore/_PinMap/IfxAsclin_PinMap.o" "Libraries/iLLD/TC27D/Tricore/_PinMap/IfxAsclin_PinMap.src" --list-format=L1 --optimize=gs
Finished building: Libraries/iLLD/TC27D/Tricore/_PinMap/IfxAsclin_PinMap.src
 
Building file: Libraries/iLLD/TC27D/Tricore/_PinMap/IfxCcu6_PinMap.src
TASKING VX-toolset for AURIX Development Studio (non-commercial): assembler v1.1r8 Build 22011964
Invoking: TASKING Assembler
astc -Og -Os --no-warnings= --error-limit=42 -o  "Libraries/iLLD/TC27D/Tricore/_PinMap/IfxCcu6_PinMap.o" "Libraries/iLLD/TC27D/Tricore/_PinMap/IfxCcu6_PinMap.src" --list-format=L1 --optimize=gs
Finished building: Libraries/iLLD/TC27D/Tricore/_PinMap/IfxCcu6_PinMap.src
 
Building file: Libraries/iLLD/TC27D/Tricore/_PinMap/IfxCif_PinMap.src
TASKING VX-toolset for AURIX Development Studio (non-commercial): assembler v1.1r8 Build 22011964
Invoking: TASKING Assembler
astc -Og -Os --no-warnings= --error-limit=42 -o  "Libraries/iLLD/TC27D/Tricore/_PinMap/IfxCif_PinMap.o" "Libraries/iLLD/TC27D/Tricore/_PinMap/IfxCif_PinMap.src" --list-format=L1 --optimize=gs
Finished building: Libraries/iLLD/TC27D/Tricore/_PinMap/IfxCif_PinMap.src
 
Building file: Libraries/iLLD/TC27D/Tricore/_PinMap/IfxDsadc_PinMap.src
TASKING VX-toolset for AURIX Development Studio (non-commercial): assembler v1.1r8 Build 22011964
Invoking: TASKING Assembler
astc -Og -Os --no-warnings= --error-limit=42 -o  "Libraries/iLLD/TC27D/Tricore/_PinMap/IfxDsadc_PinMap.o" "Libraries/iLLD/TC27D/Tricore/_PinMap/IfxDsadc_PinMap.src" --list-format=L1 --optimize=gs
Finished building: Libraries/iLLD/TC27D/Tricore/_PinMap/IfxDsadc_PinMap.src
 
Building file: Libraries/iLLD/TC27D/Tricore/_PinMap/IfxEray_PinMap.src
TASKING VX-toolset for AURIX Development Studio (non-commercial): assembler v1.1r8 Build 22011964
Invoking: TASKING Assembler
astc -Og -Os --no-warnings= --error-limit=42 -o  "Libraries/iLLD/TC27D/Tricore/_PinMap/IfxEray_PinMap.o" "Libraries/iLLD/TC27D/Tricore/_PinMap/IfxEray_PinMap.src" --list-format=L1 --optimize=gs
Finished building: Libraries/iLLD/TC27D/Tricore/_PinMap/IfxEray_PinMap.src
 
Building file: Libraries/iLLD/TC27D/Tricore/_PinMap/IfxEth_PinMap.src
TASKING VX-toolset for AURIX Development Studio (non-commercial): assembler v1.1r8 Build 22011964
Invoking: TASKING Assembler
astc -Og -Os --no-warnings= --error-limit=42 -o  "Libraries/iLLD/TC27D/Tricore/_PinMap/IfxEth_PinMap.o" "Libraries/iLLD/TC27D/Tricore/_PinMap/IfxEth_PinMap.src" --list-format=L1 --optimize=gs
Finished building: Libraries/iLLD/TC27D/Tricore/_PinMap/IfxEth_PinMap.src
 
Building file: Libraries/iLLD/TC27D/Tricore/_PinMap/IfxGpt12_PinMap.src
TASKING VX-toolset for AURIX Development Studio (non-commercial): assembler v1.1r8 Build 22011964
Invoking: TASKING Assembler
astc -Og -Os --no-warnings= --error-limit=42 -o  "Libraries/iLLD/TC27D/Tricore/_PinMap/IfxGpt12_PinMap.o" "Libraries/iLLD/TC27D/Tricore/_PinMap/IfxGpt12_PinMap.src" --list-format=L1 --optimize=gs
Finished building: Libraries/iLLD/TC27D/Tricore/_PinMap/IfxGpt12_PinMap.src
 
TASKING VX-toolset for AURIX Development Studio (non-commercial): assembler v1.1r8 Build 22011964
Building file: Libraries/iLLD/TC27D/Tricore/_PinMap/IfxI2c_PinMap.src
Invoking: TASKING Assembler
astc -Og -Os --no-warnings= --error-limit=42 -o  "Libraries/iLLD/TC27D/Tricore/_PinMap/IfxI2c_PinMap.o" "Libraries/iLLD/TC27D/Tricore/_PinMap/IfxI2c_PinMap.src" --list-format=L1 --optimize=gs
Finished building: Libraries/iLLD/TC27D/Tricore/_PinMap/IfxI2c_PinMap.src
 
Building file: Libraries/iLLD/TC27D/Tricore/_PinMap/IfxMsc_PinMap.src
TASKING VX-toolset for AURIX Development Studio (non-commercial): assembler v1.1r8 Build 22011964
Invoking: TASKING Assembler
astc -Og -Os --no-warnings= --error-limit=42 -o  "Libraries/iLLD/TC27D/Tricore/_PinMap/IfxMsc_PinMap.o" "Libraries/iLLD/TC27D/Tricore/_PinMap/IfxMsc_PinMap.src" --list-format=L1 --optimize=gs
Finished building: Libraries/iLLD/TC27D/Tricore/_PinMap/IfxMsc_PinMap.src
 
Building file: Libraries/iLLD/TC27D/Tricore/_PinMap/IfxMultican_PinMap.src
Invoking: TASKING Assembler
TASKING VX-toolset for AURIX Development Studio (non-commercial): assembler v1.1r8 Build 22011964
astc -Og -Os --no-warnings= --error-limit=42 -o  "Libraries/iLLD/TC27D/Tricore/_PinMap/IfxMultican_PinMap.o" "Libraries/iLLD/TC27D/Tricore/_PinMap/IfxMultican_PinMap.src" --list-format=L1 --optimize=gs
Finished building: Libraries/iLLD/TC27D/Tricore/_PinMap/IfxMultican_PinMap.src
 
Building file: Libraries/iLLD/TC27D/Tricore/_PinMap/IfxPort_PinMap.src
TASKING VX-toolset for AURIX Development Studio (non-commercial): assembler v1.1r8 Build 22011964
Invoking: TASKING Assembler
astc -Og -Os --no-warnings= --error-limit=42 -o  "Libraries/iLLD/TC27D/Tricore/_PinMap/IfxPort_PinMap.o" "Libraries/iLLD/TC27D/Tricore/_PinMap/IfxPort_PinMap.src" --list-format=L1 --optimize=gs
Finished building: Libraries/iLLD/TC27D/Tricore/_PinMap/IfxPort_PinMap.src
 
Building file: Libraries/iLLD/TC27D/Tricore/_PinMap/IfxPsi5_PinMap.src
TASKING VX-toolset for AURIX Development Studio (non-commercial): assembler v1.1r8 Build 22011964
Invoking: TASKING Assembler
astc -Og -Os --no-warnings= --error-limit=42 -o  "Libraries/iLLD/TC27D/Tricore/_PinMap/IfxPsi5_PinMap.o" "Libraries/iLLD/TC27D/Tricore/_PinMap/IfxPsi5_PinMap.src" --list-format=L1 --optimize=gs
Finished building: Libraries/iLLD/TC27D/Tricore/_PinMap/IfxPsi5_PinMap.src
 
Building file: Libraries/iLLD/TC27D/Tricore/_PinMap/IfxPsi5s_PinMap.src
TASKING VX-toolset for AURIX Development Studio (non-commercial): assembler v1.1r8 Build 22011964
Invoking: TASKING Assembler
astc -Og -Os --no-warnings= --error-limit=42 -o  "Libraries/iLLD/TC27D/Tricore/_PinMap/IfxPsi5s_PinMap.o" "Libraries/iLLD/TC27D/Tricore/_PinMap/IfxPsi5s_PinMap.src" --list-format=L1 --optimize=gs
Finished building: Libraries/iLLD/TC27D/Tricore/_PinMap/IfxPsi5s_PinMap.src
 
Building file: Libraries/iLLD/TC27D/Tricore/_PinMap/IfxQspi_PinMap.src
TASKING VX-toolset for AURIX Development Studio (non-commercial): assembler v1.1r8 Build 22011964
Invoking: TASKING Assembler
astc -Og -Os --no-warnings= --error-limit=42 -o  "Libraries/iLLD/TC27D/Tricore/_PinMap/IfxQspi_PinMap.o" "Libraries/iLLD/TC27D/Tricore/_PinMap/IfxQspi_PinMap.src" --list-format=L1 --optimize=gs
Finished building: Libraries/iLLD/TC27D/Tricore/_PinMap/IfxQspi_PinMap.src
 
Building file: Libraries/iLLD/TC27D/Tricore/_Impl/IfxAsclin_cfg.src
TASKING VX-toolset for AURIX Development Studio (non-commercial): assembler v1.1r8 Build 22011964
Invoking: TASKING Assembler
astc -Og -Os --no-warnings= --error-limit=42 -o  "Libraries/iLLD/TC27D/Tricore/_Impl/IfxAsclin_cfg.o" "Libraries/iLLD/TC27D/Tricore/_Impl/IfxAsclin_cfg.src" --list-format=L1 --optimize=gs
Finished building: Libraries/iLLD/TC27D/Tricore/_Impl/IfxAsclin_cfg.src
 
Building file: Libraries/iLLD/TC27D/Tricore/_Impl/IfxCcu6_cfg.src
TASKING VX-toolset for AURIX Development Studio (non-commercial): assembler v1.1r8 Build 22011964
Invoking: TASKING Assembler
astc -Og -Os --no-warnings= --error-limit=42 -o  "Libraries/iLLD/TC27D/Tricore/_Impl/IfxCcu6_cfg.o" "Libraries/iLLD/TC27D/Tricore/_Impl/IfxCcu6_cfg.src" --list-format=L1 --optimize=gs
Finished building: Libraries/iLLD/TC27D/Tricore/_Impl/IfxCcu6_cfg.src
 
Building file: Libraries/iLLD/TC27D/Tricore/_PinMap/IfxSent_PinMap.src
Invoking: TASKING Assembler
astc -Og -Os --no-warnings= --error-limit=42 -o  "Libraries/iLLD/TC27D/Tricore/_PinMap/IfxSent_PinMap.o" "Libraries/iLLD/TC27D/Tricore/_PinMap/IfxSent_PinMap.src" --list-format=L1 --optimize=gs
Finished building: Libraries/iLLD/TC27D/Tricore/_PinMap/IfxSent_PinMap.src
 
TASKING VX-toolset for AURIX Development Studio (non-commercial): assembler v1.1r8 Build 22011964
Building file: Libraries/iLLD/TC27D/Tricore/_PinMap/IfxSmu_PinMap.src
Invoking: TASKING Assembler
astc -Og -Os --no-warnings= --error-limit=42 -o  "Libraries/iLLD/TC27D/Tricore/_PinMap/IfxSmu_PinMap.o" "Libraries/iLLD/TC27D/Tricore/_PinMap/IfxSmu_PinMap.src" --list-format=L1 --optimize=gs
TASKING VX-toolset for AURIX Development Studio (non-commercial): assembler v1.1r8 Build 22011964
Finished building: Libraries/iLLD/TC27D/Tricore/_PinMap/IfxSmu_PinMap.src
 
TASKING VX-toolset for AURIX Development Studio (non-commercial): assembler v1.1r8 Build 22011964
Building file: Libraries/iLLD/TC27D/Tricore/_Impl/IfxCif_cfg.src
Invoking: TASKING Assembler
astc -Og -Os --no-warnings= --error-limit=42 -o  "Libraries/iLLD/TC27D/Tricore/_Impl/IfxCif_cfg.o" "Libraries/iLLD/TC27D/Tricore/_Impl/IfxCif_cfg.src" --list-format=L1 --optimize=gs
Finished building: Libraries/iLLD/TC27D/Tricore/_Impl/IfxCif_cfg.src
 
Building file: Libraries/iLLD/TC27D/Tricore/_PinMap/IfxGtm_PinMap.src
TASKING VX-toolset for AURIX Development Studio (non-commercial): assembler v1.1r8 Build 22011964
Invoking: TASKING Assembler
astc -Og -Os --no-warnings= --error-limit=42 -o  "Libraries/iLLD/TC27D/Tricore/_PinMap/IfxGtm_PinMap.o" "Libraries/iLLD/TC27D/Tricore/_PinMap/IfxGtm_PinMap.src" --list-format=L1 --optimize=gs
Finished building: Libraries/iLLD/TC27D/Tricore/_PinMap/IfxGtm_PinMap.src
 
Building file: Libraries/iLLD/TC27D/Tricore/_PinMap/IfxVadc_PinMap.src
TASKING VX-toolset for AURIX Development Studio (non-commercial): assembler v1.1r8 Build 22011964
Invoking: TASKING Assembler
astc -Og -Os --no-warnings= --error-limit=42 -o  "Libraries/iLLD/TC27D/Tricore/_PinMap/IfxVadc_PinMap.o" "Libraries/iLLD/TC27D/Tricore/_PinMap/IfxVadc_PinMap.src" --list-format=L1 --optimize=gs
Finished building: Libraries/iLLD/TC27D/Tricore/_PinMap/IfxVadc_PinMap.src
 
Building file: Libraries/iLLD/TC27D/Tricore/_Impl/IfxCpu_cfg.src
Invoking: TASKING Assembler
astc -Og -Os --no-warnings= --error-limit=42 -o  "Libraries/iLLD/TC27D/Tricore/_Impl/IfxCpu_cfg.o" "Libraries/iLLD/TC27D/Tricore/_Impl/IfxCpu_cfg.src" --list-format=L1 --optimize=gs
Finished building: Libraries/iLLD/TC27D/Tricore/_Impl/IfxCpu_cfg.src
 
TASKING VX-toolset for AURIX Development Studio (non-commercial): assembler v1.1r8 Build 22011964
Building file: Libraries/iLLD/TC27D/Tricore/_Impl/IfxDma_cfg.src
TASKING VX-toolset for AURIX Development Studio (non-commercial): assembler v1.1r8 Build 22011964
Invoking: TASKING Assembler
astc -Og -Os --no-warnings= --error-limit=42 -o  "Libraries/iLLD/TC27D/Tricore/_Impl/IfxDma_cfg.o" "Libraries/iLLD/TC27D/Tricore/_Impl/IfxDma_cfg.src" --list-format=L1 --optimize=gs
Finished building: Libraries/iLLD/TC27D/Tricore/_Impl/IfxDma_cfg.src
 
Building file: Libraries/iLLD/TC27D/Tricore/_Impl/IfxEmem_cfg.src
TASKING VX-toolset for AURIX Development Studio (non-commercial): assembler v1.1r8 Build 22011964
Invoking: TASKING Assembler
astc -Og -Os --no-warnings= --error-limit=42 -o  "Libraries/iLLD/TC27D/Tricore/_Impl/IfxEmem_cfg.o" "Libraries/iLLD/TC27D/Tricore/_Impl/IfxEmem_cfg.src" --list-format=L1 --optimize=gs
Finished building: Libraries/iLLD/TC27D/Tricore/_Impl/IfxEmem_cfg.src
 
Building file: Libraries/iLLD/TC27D/Tricore/_Impl/IfxFlash_cfg.src
TASKING VX-toolset for AURIX Development Studio (non-commercial): assembler v1.1r8 Build 22011964
Invoking: TASKING Assembler
astc -Og -Os --no-warnings= --error-limit=42 -o  "Libraries/iLLD/TC27D/Tricore/_Impl/IfxFlash_cfg.o" "Libraries/iLLD/TC27D/Tricore/_Impl/IfxFlash_cfg.src" --list-format=L1 --optimize=gs
Finished building: Libraries/iLLD/TC27D/Tricore/_Impl/IfxFlash_cfg.src
 
Building file: Libraries/iLLD/TC27D/Tricore/_Impl/IfxHssl_cfg.src
TASKING VX-toolset for AURIX Development Studio (non-commercial): assembler v1.1r8 Build 22011964
Invoking: TASKING Assembler
astc -Og -Os --no-warnings= --error-limit=42 -o  "Libraries/iLLD/TC27D/Tricore/_Impl/IfxHssl_cfg.o" "Libraries/iLLD/TC27D/Tricore/_Impl/IfxHssl_cfg.src" --list-format=L1 --optimize=gs
Finished building: Libraries/iLLD/TC27D/Tricore/_Impl/IfxHssl_cfg.src
 
Building file: Libraries/iLLD/TC27D/Tricore/_Impl/IfxEray_cfg.src
TASKING VX-toolset for AURIX Development Studio (non-commercial): assembler v1.1r8 Build 22011964
Invoking: TASKING Assembler
astc -Og -Os --no-warnings= --error-limit=42 -o  "Libraries/iLLD/TC27D/Tricore/_Impl/IfxEray_cfg.o" "Libraries/iLLD/TC27D/Tricore/_Impl/IfxEray_cfg.src" --list-format=L1 --optimize=gs
Finished building: Libraries/iLLD/TC27D/Tricore/_Impl/IfxEray_cfg.src
 
Building file: Libraries/iLLD/TC27D/Tricore/_Impl/IfxI2c_cfg.src
TASKING VX-toolset for AURIX Development Studio (non-commercial): assembler v1.1r8 Build 22011964
Invoking: TASKING Assembler
astc -Og -Os --no-warnings= --error-limit=42 -o  "Libraries/iLLD/TC27D/Tricore/_Impl/IfxI2c_cfg.o" "Libraries/iLLD/TC27D/Tricore/_Impl/IfxI2c_cfg.src" --list-format=L1 --optimize=gs
Finished building: Libraries/iLLD/TC27D/Tricore/_Impl/IfxI2c_cfg.src
 
TASKING VX-toolset for AURIX Development Studio (non-commercial): assembler v1.1r8 Build 22011964
Building file: Libraries/iLLD/TC27D/Tricore/_Impl/IfxGtm_cfg.src
Invoking: TASKING Assembler
astc -Og -Os --no-warnings= --error-limit=42 -o  "Libraries/iLLD/TC27D/Tricore/_Impl/IfxGtm_cfg.o" "Libraries/iLLD/TC27D/Tricore/_Impl/IfxGtm_cfg.src" --list-format=L1 --optimize=gs
Finished building: Libraries/iLLD/TC27D/Tricore/_Impl/IfxGtm_cfg.src
 
Building file: Libraries/iLLD/TC27D/Tricore/_Impl/IfxMsc_cfg.src
TASKING VX-toolset for AURIX Development Studio (non-commercial): assembler v1.1r8 Build 22011964
Invoking: TASKING Assembler
astc -Og -Os --no-warnings= --error-limit=42 -o  "Libraries/iLLD/TC27D/Tricore/_Impl/IfxMsc_cfg.o" "Libraries/iLLD/TC27D/Tricore/_Impl/IfxMsc_cfg.src" --list-format=L1 --optimize=gs
Finished building: Libraries/iLLD/TC27D/Tricore/_Impl/IfxMsc_cfg.src
 
Building file: Libraries/iLLD/TC27D/Tricore/_Impl/IfxMultican_cfg.src
TASKING VX-toolset for AURIX Development Studio (non-commercial): assembler v1.1r8 Build 22011964
Invoking: TASKING Assembler
astc -Og -Os --no-warnings= --error-limit=42 -o  "Libraries/iLLD/TC27D/Tricore/_Impl/IfxMultican_cfg.o" "Libraries/iLLD/TC27D/Tricore/_Impl/IfxMultican_cfg.src" --list-format=L1 --optimize=gs
Finished building: Libraries/iLLD/TC27D/Tricore/_Impl/IfxMultican_cfg.src
 
Building file: Libraries/iLLD/TC27D/Tricore/_Impl/IfxPsi5_cfg.src
TASKING VX-toolset for AURIX Development Studio (non-commercial): assembler v1.1r8 Build 22011964
Invoking: TASKING Assembler
astc -Og -Os --no-warnings= --error-limit=42 -o  "Libraries/iLLD/TC27D/Tricore/_Impl/IfxPsi5_cfg.o" "Libraries/iLLD/TC27D/Tricore/_Impl/IfxPsi5_cfg.src" --list-format=L1 --optimize=gs
Finished building: Libraries/iLLD/TC27D/Tricore/_Impl/IfxPsi5_cfg.src
 
Building file: Libraries/iLLD/TC27D/Tricore/_Impl/IfxMtu_cfg.src
TASKING VX-toolset for AURIX Development Studio (non-commercial): assembler v1.1r8 Build 22011964
Invoking: TASKING Assembler
astc -Og -Os --no-warnings= --error-limit=42 -o  "Libraries/iLLD/TC27D/Tricore/_Impl/IfxMtu_cfg.o" "Libraries/iLLD/TC27D/Tricore/_Impl/IfxMtu_cfg.src" --list-format=L1 --optimize=gs
Finished building: Libraries/iLLD/TC27D/Tricore/_Impl/IfxMtu_cfg.src
 
Building file: Libraries/iLLD/TC27D/Tricore/_Impl/IfxPort_cfg.src
Invoking: TASKING Assembler
TASKING VX-toolset for AURIX Development Studio (non-commercial): assembler v1.1r8 Build 22011964
astc -Og -Os --no-warnings= --error-limit=42 -o  "Libraries/iLLD/TC27D/Tricore/_Impl/IfxPort_cfg.o" "Libraries/iLLD/TC27D/Tricore/_Impl/IfxPort_cfg.src" --list-format=L1 --optimize=gs
Finished building: Libraries/iLLD/TC27D/Tricore/_Impl/IfxPort_cfg.src
 
Building file: Libraries/iLLD/TC27D/Tricore/_Impl/IfxQspi_cfg.src
TASKING VX-toolset for AURIX Development Studio (non-commercial): assembler v1.1r8 Build 22011964
Invoking: TASKING Assembler
astc -Og -Os --no-warnings= --error-limit=42 -o  "Libraries/iLLD/TC27D/Tricore/_Impl/IfxQspi_cfg.o" "Libraries/iLLD/TC27D/Tricore/_Impl/IfxQspi_cfg.src" --list-format=L1 --optimize=gs
Finished building: Libraries/iLLD/TC27D/Tricore/_Impl/IfxQspi_cfg.src
 
Building file: Libraries/iLLD/TC27D/Tricore/_Impl/IfxScu_cfg.src
TASKING VX-toolset for AURIX Development Studio (non-commercial): assembler v1.1r8 Build 22011964
Invoking: TASKING Assembler
astc -Og -Os --no-warnings= --error-limit=42 -o  "Libraries/iLLD/TC27D/Tricore/_Impl/IfxScu_cfg.o" "Libraries/iLLD/TC27D/Tricore/_Impl/IfxScu_cfg.src" --list-format=L1 --optimize=gs
Finished building: Libraries/iLLD/TC27D/Tricore/_Impl/IfxScu_cfg.src
 
Building file: Libraries/iLLD/TC27D/Tricore/_Impl/IfxSent_cfg.src
TASKING VX-toolset for AURIX Development Studio (non-commercial): assembler v1.1r8 Build 22011964
Invoking: TASKING Assembler
astc -Og -Os --no-warnings= --error-limit=42 -o  "Libraries/iLLD/TC27D/Tricore/_Impl/IfxSent_cfg.o" "Libraries/iLLD/TC27D/Tricore/_Impl/IfxSent_cfg.src" --list-format=L1 --optimize=gs
Finished building: Libraries/iLLD/TC27D/Tricore/_Impl/IfxSent_cfg.src
 
Building file: Libraries/iLLD/TC27D/Tricore/_Impl/IfxSmu_cfg.src
TASKING VX-toolset for AURIX Development Studio (non-commercial): assembler v1.1r8 Build 22011964
Invoking: TASKING Assembler
astc -Og -Os --no-warnings= --error-limit=42 -o  "Libraries/iLLD/TC27D/Tricore/_Impl/IfxSmu_cfg.o" "Libraries/iLLD/TC27D/Tricore/_Impl/IfxSmu_cfg.src" --list-format=L1 --optimize=gs
Finished building: Libraries/iLLD/TC27D/Tricore/_Impl/IfxSmu_cfg.src
 
Building file: Libraries/iLLD/TC27D/Tricore/_Impl/IfxSrc_cfg.src
TASKING VX-toolset for AURIX Development Studio (non-commercial): assembler v1.1r8 Build 22011964
Invoking: TASKING Assembler
astc -Og -Os --no-warnings= --error-limit=42 -o  "Libraries/iLLD/TC27D/Tricore/_Impl/IfxSrc_cfg.o" "Libraries/iLLD/TC27D/Tricore/_Impl/IfxSrc_cfg.src" --list-format=L1 --optimize=gs
Finished building: Libraries/iLLD/TC27D/Tricore/_Impl/IfxSrc_cfg.src
 
Building file: Libraries/iLLD/TC27D/Tricore/_Impl/IfxStm_cfg.src
TASKING VX-toolset for AURIX Development Studio (non-commercial): assembler v1.1r8 Build 22011964
Invoking: TASKING Assembler
astc -Og -Os --no-warnings= --error-limit=42 -o  "Libraries/iLLD/TC27D/Tricore/_Impl/IfxStm_cfg.o" "Libraries/iLLD/TC27D/Tricore/_Impl/IfxStm_cfg.src" --list-format=L1 --optimize=gs
Finished building: Libraries/iLLD/TC27D/Tricore/_Impl/IfxStm_cfg.src
 
Building file: Libraries/iLLD/TC27D/Tricore/_Impl/IfxVadc_cfg.src
Invoking: TASKING Assembler
TASKING VX-toolset for AURIX Development Studio (non-commercial): assembler v1.1r8 Build 22011964
astc -Og -Os --no-warnings= --error-limit=42 -o  "Libraries/iLLD/TC27D/Tricore/_Impl/IfxVadc_cfg.o" "Libraries/iLLD/TC27D/Tricore/_Impl/IfxVadc_cfg.src" --list-format=L1 --optimize=gs
Finished building: Libraries/iLLD/TC27D/Tricore/_Impl/IfxVadc_cfg.src
 
Building file: Libraries/iLLD/TC27D/Tricore/Src/Std/IfxSrc.src
TASKING VX-toolset for AURIX Development Studio (non-commercial): assembler v1.1r8 Build 22011964
Invoking: TASKING Assembler
astc -Og -Os --no-warnings= --error-limit=42 -o  "Libraries/iLLD/TC27D/Tricore/Src/Std/IfxSrc.o" "Libraries/iLLD/TC27D/Tricore/Src/Std/IfxSrc.src" --list-format=L1 --optimize=gs
Finished building: Libraries/iLLD/TC27D/Tricore/Src/Std/IfxSrc.src
 
TASKING VX-toolset for AURIX Development Studio (non-commercial): assembler v1.1r8 Build 22011964
Building file: Libraries/iLLD/TC27D/Tricore/Port/Std/IfxPort.src
Invoking: TASKING Assembler
astc -Og -Os --no-warnings= --error-limit=42 -o  "Libraries/iLLD/TC27D/Tricore/Port/Std/IfxPort.o" "Libraries/iLLD/TC27D/Tricore/Port/Std/IfxPort.src" --list-format=L1 --optimize=gs
Finished building: Libraries/iLLD/TC27D/Tricore/Port/Std/IfxPort.src
 
TASKING VX-toolset for AURIX Development Studio (non-commercial): assembler v1.1r8 Build 22011964
Building file: Libraries/iLLD/TC27D/Tricore/Scu/Std/IfxScuEru.src
Invoking: TASKING Assembler
astc -Og -Os --no-warnings= --error-limit=42 -o  "Libraries/iLLD/TC27D/Tricore/Scu/Std/IfxScuEru.o" "Libraries/iLLD/TC27D/Tricore/Scu/Std/IfxScuEru.src" --list-format=L1 --optimize=gs
Finished building: Libraries/iLLD/TC27D/Tricore/Scu/Std/IfxScuEru.src
 
TASKING VX-toolset for AURIX Development Studio (non-commercial): assembler v1.1r8 Build 22011964
Building file: Libraries/iLLD/TC27D/Tricore/Scu/Std/IfxScuCcu.src
Invoking: TASKING Assembler
astc -Og -Os --no-warnings= --error-limit=42 -o  "Libraries/iLLD/TC27D/Tricore/Scu/Std/IfxScuCcu.o" "Libraries/iLLD/TC27D/Tricore/Scu/Std/IfxScuCcu.src" --list-format=L1 --optimize=gs
Finished building: Libraries/iLLD/TC27D/Tricore/Scu/Std/IfxScuCcu.src
 
TASKING VX-toolset for AURIX Development Studio (non-commercial): assembler v1.1r8 Build 22011964
Building file: Libraries/iLLD/TC27D/Tricore/Mtu/Std/IfxMtu.src
Invoking: TASKING Assembler
astc -Og -Os --no-warnings= --error-limit=42 -o  "Libraries/iLLD/TC27D/Tricore/Mtu/Std/IfxMtu.o" "Libraries/iLLD/TC27D/Tricore/Mtu/Std/IfxMtu.src" --list-format=L1 --optimize=gs
Finished building: Libraries/iLLD/TC27D/Tricore/Mtu/Std/IfxMtu.src
 
Building file: Libraries/iLLD/TC27D/Tricore/Gtm/Std/IfxGtm.src
TASKING VX-toolset for AURIX Development Studio (non-commercial): assembler v1.1r8 Build 22011964
Invoking: TASKING Assembler
astc -Og -Os --no-warnings= --error-limit=42 -o  "Libraries/iLLD/TC27D/Tricore/Gtm/Std/IfxGtm.o" "Libraries/iLLD/TC27D/Tricore/Gtm/Std/IfxGtm.src" --list-format=L1 --optimize=gs
Finished building: Libraries/iLLD/TC27D/Tricore/Gtm/Std/IfxGtm.src
 
Building file: Libraries/iLLD/TC27D/Tricore/Scu/Std/IfxScuWdt.src
TASKING VX-toolset for AURIX Development Studio (non-commercial): assembler v1.1r8 Build 22011964
Invoking: TASKING Assembler
astc -Og -Os --no-warnings= --error-limit=42 -o  "Libraries/iLLD/TC27D/Tricore/Scu/Std/IfxScuWdt.o" "Libraries/iLLD/TC27D/Tricore/Scu/Std/IfxScuWdt.src" --list-format=L1 --optimize=gs
Finished building: Libraries/iLLD/TC27D/Tricore/Scu/Std/IfxScuWdt.src
 
TASKING VX-toolset for AURIX Development Studio (non-commercial): assembler v1.1r8 Build 22011964
Building file: Libraries/iLLD/TC27D/Tricore/Gtm/Std/IfxGtm_Dpll.src
Invoking: TASKING Assembler
astc -Og -Os --no-warnings= --error-limit=42 -o  "Libraries/iLLD/TC27D/Tricore/Gtm/Std/IfxGtm_Dpll.o" "Libraries/iLLD/TC27D/Tricore/Gtm/Std/IfxGtm_Dpll.src" --list-format=L1 --optimize=gs
Finished building: Libraries/iLLD/TC27D/Tricore/Gtm/Std/IfxGtm_Dpll.src
 
Building file: Libraries/iLLD/TC27D/Tricore/Gtm/Std/IfxGtm_Tbu.src
TASKING VX-toolset for AURIX Development Studio (non-commercial): assembler v1.1r8 Build 22011964
Invoking: TASKING Assembler
astc -Og -Os --no-warnings= --error-limit=42 -o  "Libraries/iLLD/TC27D/Tricore/Gtm/Std/IfxGtm_Tbu.o" "Libraries/iLLD/TC27D/Tricore/Gtm/Std/IfxGtm_Tbu.src" --list-format=L1 --optimize=gs
Finished building: Libraries/iLLD/TC27D/Tricore/Gtm/Std/IfxGtm_Tbu.src
 
TASKING VX-toolset for AURIX Development Studio (non-commercial): assembler v1.1r8 Build 22011964
Building file: Libraries/iLLD/TC27D/Tricore/Cpu/CStart/IfxCpu_CStart0.src
Invoking: TASKING Assembler
astc -Og -Os --no-warnings= --error-limit=42 -o  "Libraries/iLLD/TC27D/Tricore/Cpu/CStart/IfxCpu_CStart0.o" "Libraries/iLLD/TC27D/Tricore/Cpu/CStart/IfxCpu_CStart0.src" --list-format=L1 --optimize=gs
Finished building: Libraries/iLLD/TC27D/Tricore/Cpu/CStart/IfxCpu_CStart0.src
 
Building file: Libraries/iLLD/TC27D/Tricore/Gtm/Std/IfxGtm_Atom.src
TASKING VX-toolset for AURIX Development Studio (non-commercial): assembler v1.1r8 Build 22011964
Invoking: TASKING Assembler
astc -Og -Os --no-warnings= --error-limit=42 -o  "Libraries/iLLD/TC27D/Tricore/Gtm/Std/IfxGtm_Atom.o" "Libraries/iLLD/TC27D/Tricore/Gtm/Std/IfxGtm_Atom.src" --list-format=L1 --optimize=gs
Finished building: Libraries/iLLD/TC27D/Tricore/Gtm/Std/IfxGtm_Atom.src
 
Building file: Libraries/iLLD/TC27D/Tricore/Cpu/CStart/IfxCpu_CStart1.src
TASKING VX-toolset for AURIX Development Studio (non-commercial): assembler v1.1r8 Build 22011964
Invoking: TASKING Assembler
astc -Og -Os --no-warnings= --error-limit=42 -o  "Libraries/iLLD/TC27D/Tricore/Cpu/CStart/IfxCpu_CStart1.o" "Libraries/iLLD/TC27D/Tricore/Cpu/CStart/IfxCpu_CStart1.src" --list-format=L1 --optimize=gs
Finished building: Libraries/iLLD/TC27D/Tricore/Cpu/CStart/IfxCpu_CStart1.src
 
Building file: Libraries/iLLD/TC27D/Tricore/Gtm/Std/IfxGtm_Tim.src
Invoking: TASKING Assembler
TASKING VX-toolset for AURIX Development Studio (non-commercial): assembler v1.1r8 Build 22011964
astc -Og -Os --no-warnings= --error-limit=42 -o  "Libraries/iLLD/TC27D/Tricore/Gtm/Std/IfxGtm_Tim.o" "Libraries/iLLD/TC27D/Tricore/Gtm/Std/IfxGtm_Tim.src" --list-format=L1 --optimize=gs
Finished building: Libraries/iLLD/TC27D/Tricore/Gtm/Std/IfxGtm_Tim.src
 
Building file: Libraries/iLLD/TC27D/Tricore/Gtm/Std/IfxGtm_Cmu.src
TASKING VX-toolset for AURIX Development Studio (non-commercial): assembler v1.1r8 Build 22011964
Invoking: TASKING Assembler
astc -Og -Os --no-warnings= --error-limit=42 -o  "Libraries/iLLD/TC27D/Tricore/Gtm/Std/IfxGtm_Cmu.o" "Libraries/iLLD/TC27D/Tricore/Gtm/Std/IfxGtm_Cmu.src" --list-format=L1 --optimize=gs
Finished building: Libraries/iLLD/TC27D/Tricore/Gtm/Std/IfxGtm_Cmu.src
 
Building file: Libraries/iLLD/TC27D/Tricore/Cpu/Trap/IfxCpu_Trap.src
TASKING VX-toolset for AURIX Development Studio (non-commercial): assembler v1.1r8 Build 22011964
Invoking: TASKING Assembler
astc -Og -Os --no-warnings= --error-limit=42 -o  "Libraries/iLLD/TC27D/Tricore/Cpu/Trap/IfxCpu_Trap.o" "Libraries/iLLD/TC27D/Tricore/Cpu/Trap/IfxCpu_Trap.src" --list-format=L1 --optimize=gs
Finished building: Libraries/iLLD/TC27D/Tricore/Cpu/Trap/IfxCpu_Trap.src
 
Building file: Libraries/iLLD/TC27D/Tricore/Gtm/Std/IfxGtm_Tom.src
Invoking: TASKING Assembler
astc -Og -Os --no-warnings= --error-limit=42 -o  "Libraries/iLLD/TC27D/Tricore/Gtm/Std/IfxGtm_Tom.o" "Libraries/iLLD/TC27D/Tricore/Gtm/Std/IfxGtm_Tom.src" --list-format=L1 --optimize=gs
Finished building: Libraries/iLLD/TC27D/Tricore/Gtm/Std/IfxGtm_Tom.src
TASKING VX-toolset for AURIX Development Studio (non-commercial): assembler v1.1r8 Build 22011964
 
Building file: Libraries/iLLD/TC27D/Tricore/Cpu/Std/IfxCpu.src
TASKING VX-toolset for AURIX Development Studio (non-commercial): assembler v1.1r8 Build 22011964
Invoking: TASKING Assembler
astc -Og -Os --no-warnings= --error-limit=42 -o  "Libraries/iLLD/TC27D/Tricore/Cpu/Std/IfxCpu.o" "Libraries/iLLD/TC27D/Tricore/Cpu/Std/IfxCpu.src" --list-format=L1 --optimize=gs
Finished building: Libraries/iLLD/TC27D/Tricore/Cpu/Std/IfxCpu.src
 
Building file: Libraries/Infra/Platform/Tricore/Compilers/CompilerDcc.src
TASKING VX-toolset for AURIX Development Studio (non-commercial): assembler v1.1r8 Build 22011964
Invoking: TASKING Assembler
astc -Og -Os --no-warnings= --error-limit=42 -o  "Libraries/Infra/Platform/Tricore/Compilers/CompilerDcc.o" "Libraries/Infra/Platform/Tricore/Compilers/CompilerDcc.src" --list-format=L1 --optimize=gs
Finished building: Libraries/Infra/Platform/Tricore/Compilers/CompilerDcc.src
 
Building file: Libraries/Infra/Platform/Tricore/Compilers/CompilerGhs.src
Invoking: TASKING Assembler
astc -Og -Os --no-warnings= --error-limit=42 -o  "Libraries/Infra/Platform/Tricore/Compilers/CompilerGhs.o" "Libraries/Infra/Platform/Tricore/Compilers/CompilerGhs.src" --list-format=L1 --optimize=gs
TASKING VX-toolset for AURIX Development Studio (non-commercial): assembler v1.1r8 Build 22011964
Finished building: Libraries/Infra/Platform/Tricore/Compilers/CompilerGhs.src
 
Building file: Libraries/iLLD/TC27D/Tricore/Cpu/CStart/IfxCpu_CStart2.src
Invoking: TASKING Assembler
TASKING VX-toolset for AURIX Development Studio (non-commercial): assembler v1.1r8 Build 22011964
astc -Og -Os --no-warnings= --error-limit=42 -o  "Libraries/iLLD/TC27D/Tricore/Cpu/CStart/IfxCpu_CStart2.o" "Libraries/iLLD/TC27D/Tricore/Cpu/CStart/IfxCpu_CStart2.src" --list-format=L1 --optimize=gs
Finished building: Libraries/iLLD/TC27D/Tricore/Cpu/CStart/IfxCpu_CStart2.src
 
Building file: Libraries/Infra/Platform/Tricore/Compilers/CompilerGnuc.src
Invoking: TASKING Assembler
TASKING VX-toolset for AURIX Development Studio (non-commercial): assembler v1.1r8 Build 22011964
astc -Og -Os --no-warnings= --error-limit=42 -o  "Libraries/Infra/Platform/Tricore/Compilers/CompilerGnuc.o" "Libraries/Infra/Platform/Tricore/Compilers/CompilerGnuc.src" --list-format=L1 --optimize=gs
Finished building: Libraries/Infra/Platform/Tricore/Compilers/CompilerGnuc.src
 
Building file: Libraries/Infra/Platform/Tricore/Compilers/CompilerTasking.src
TASKING VX-toolset for AURIX Development Studio (non-commercial): assembler v1.1r8 Build 22011964
Invoking: TASKING Assembler
astc -Og -Os --no-warnings= --error-limit=42 -o  "Libraries/Infra/Platform/Tricore/Compilers/CompilerTasking.o" "Libraries/Infra/Platform/Tricore/Compilers/CompilerTasking.src" --list-format=L1 --optimize=gs
Finished building: Libraries/Infra/Platform/Tricore/Compilers/CompilerTasking.src
 
Building file: Cpu0_Main.src
TASKING VX-toolset for AURIX Development Studio (non-commercial): assembler v1.1r8 Build 22011964
Invoking: TASKING Assembler
astc -Og -Os --no-warnings= --error-limit=42 -o  "Cpu0_Main.o" "Cpu0_Main.src" --list-format=L1 --optimize=gs
Finished building: Cpu0_Main.src
 
TASKING VX-toolset for AURIX Development Studio (non-commercial): assembler v1.1r8 Build 22011964
Building file: Cpu1_Main.src
Invoking: TASKING Assembler
astc -Og -Os --no-warnings= --error-limit=42 -o  "Cpu1_Main.o" "Cpu1_Main.src" --list-format=L1 --optimize=gs
Finished building: Cpu1_Main.src
 
Building file: Cpu2_Main.src
TASKING VX-toolset for AURIX Development Studio (non-commercial): assembler v1.1r8 Build 22011964
Invoking: TASKING Assembler
astc -Og -Os --no-warnings= --error-limit=42 -o  "Cpu2_Main.o" "Cpu2_Main.src" --list-format=L1 --optimize=gs
Finished building: Cpu2_Main.src
 
TASKING VX-toolset for AURIX Development Studio (non-commercial): assembler v1.1r8 Build 22011964
Building file: Configurations/Debug/sync_on_halt.src
Invoking: TASKING Assembler
astc -Og -Os --no-warnings= --error-limit=42 -o  "Configurations/Debug/sync_on_halt.o" "Configurations/Debug/sync_on_halt.src" --list-format=L1 --optimize=gs
Finished building: Configurations/Debug/sync_on_halt.src
 
Building target: Src_RefPrj.elf
TASKING VX-toolset for AURIX Development Studio (non-commercial): control program v1.1r8 Build 22011964
Invoking: TASKING Linker
cctc -lrt -lfp_fpu -lcs_fpu  -Wl-Oc -Wl-OL -Wl-Ot -Wl-Ox -Wl-Oy -Wl--map-file="Src_RefPrj.map" -Wl-mc -Wl-mf -Wl-mi -Wl-mk -Wl-ml -Wl-mm -Wl-md -Wl-mr -Wl-mu --no-warnings= -Wl--error-limit=42 --exceptions --strict --anachronisms --force-c++ -Ctc27xd   -o"Src_RefPrj.elf" -Wl-o"Src_RefPrj.hex:IHEX" --lsl-core=vtc  --lsl-file=../Lcf_Tasking_Tricore_Tc.lsl  ./Libraries/iLLD/TC27D/Tricore/_PinMap/IfxAsclin_PinMap.o ./Libraries/iLLD/TC27D/Tricore/_PinMap/IfxCcu6_PinMap.o ./Libraries/iLLD/TC27D/Tricore/_PinMap/IfxCif_PinMap.o ./Libraries/iLLD/TC27D/Tricore/_PinMap/IfxDsadc_PinMap.o ./Libraries/iLLD/TC27D/Tricore/_PinMap/IfxEray_PinMap.o ./Libraries/iLLD/TC27D/Tricore/_PinMap/IfxEth_PinMap.o ./Libraries/iLLD/TC27D/Tricore/_PinMap/IfxGpt12_PinMap.o ./Libraries/iLLD/TC27D/Tricore/_PinMap/IfxGtm_PinMap.o ./Libraries/iLLD/TC27D/Tricore/_PinMap/IfxI2c_PinMap.o ./Libraries/iLLD/TC27D/Tricore/_PinMap/IfxMsc_PinMap.o ./Libraries/iLLD/TC27D/Tricore/_PinMap/IfxMultican_PinMap.o ./Libraries/iLLD/TC27D/Tricore/_PinMap/IfxPort_PinMap.o ./Libraries/iLLD/TC27D/Tricore/_PinMap/IfxPsi5_PinMap.o ./Libraries/iLLD/TC27D/Tricore/_PinMap/IfxPsi5s_PinMap.o ./Libraries/iLLD/TC27D/Tricore/_PinMap/IfxQspi_PinMap.o ./Libraries/iLLD/TC27D/Tricore/_PinMap/IfxScu_PinMap.o ./Libraries/iLLD/TC27D/Tricore/_PinMap/IfxSent_PinMap.o ./Libraries/iLLD/TC27D/Tricore/_PinMap/IfxSmu_PinMap.o ./Libraries/iLLD/TC27D/Tricore/_PinMap/IfxVadc_PinMap.o  ./Libraries/iLLD/TC27D/Tricore/_Impl/IfxAsclin_cfg.o ./Libraries/iLLD/TC27D/Tricore/_Impl/IfxCcu6_cfg.o ./Libraries/iLLD/TC27D/Tricore/_Impl/IfxCif_cfg.o ./Libraries/iLLD/TC27D/Tricore/_Impl/IfxCpu_cfg.o ./Libraries/iLLD/TC27D/Tricore/_Impl/IfxDma_cfg.o ./Libraries/iLLD/TC27D/Tricore/_Impl/IfxEmem_cfg.o ./Libraries/iLLD/TC27D/Tricore/_Impl/IfxEray_cfg.o ./Libraries/iLLD/TC27D/Tricore/_Impl/IfxFlash_cfg.o ./Libraries/iLLD/TC27D/Tricore/_Impl/IfxGtm_cfg.o ./Libraries/iLLD/TC27D/Tricore/_Impl/IfxHssl_cfg.o ./Libraries/iLLD/TC27D/Tricore/_Impl/IfxI2c_cfg.o ./Libraries/iLLD/TC27D/Tricore/_Impl/IfxMsc_cfg.o ./Libraries/iLLD/TC27D/Tricore/_Impl/IfxMtu_cfg.o ./Libraries/iLLD/TC27D/Tricore/_Impl/IfxMultican_cfg.o ./Libraries/iLLD/TC27D/Tricore/_Impl/IfxPort_cfg.o ./Libraries/iLLD/TC27D/Tricore/_Impl/IfxPsi5_cfg.o ./Libraries/iLLD/TC27D/Tricore/_Impl/IfxQspi_cfg.o ./Libraries/iLLD/TC27D/Tricore/_Impl/IfxScu_cfg.o ./Libraries/iLLD/TC27D/Tricore/_Impl/IfxSent_cfg.o ./Libraries/iLLD/TC27D/Tricore/_Impl/IfxSmu_cfg.o ./Libraries/iLLD/TC27D/Tricore/_Impl/IfxSrc_cfg.o ./Libraries/iLLD/TC27D/Tricore/_Impl/IfxStm_cfg.o ./Libraries/iLLD/TC27D/Tricore/_Impl/IfxVadc_cfg.o  ./Libraries/iLLD/TC27D/Tricore/Src/Std/IfxSrc.o  ./Libraries/iLLD/TC27D/Tricore/Scu/Std/IfxScuCcu.o ./Libraries/iLLD/TC27D/Tricore/Scu/Std/IfxScuEru.o ./Libraries/iLLD/TC27D/Tricore/Scu/Std/IfxScuWdt.o  ./Libraries/iLLD/TC27D/Tricore/Port/Std/IfxPort.o  ./Libraries/iLLD/TC27D/Tricore/Mtu/Std/IfxMtu.o  ./Libraries/iLLD/TC27D/Tricore/Gtm/Std/IfxGtm.o ./Libraries/iLLD/TC27D/Tricore/Gtm/Std/IfxGtm_Atom.o ./Libraries/iLLD/TC27D/Tricore/Gtm/Std/IfxGtm_Cmu.o ./Libraries/iLLD/TC27D/Tricore/Gtm/Std/IfxGtm_Dpll.o ./Libraries/iLLD/TC27D/Tricore/Gtm/Std/IfxGtm_Tbu.o ./Libraries/iLLD/TC27D/Tricore/Gtm/Std/IfxGtm_Tim.o ./Libraries/iLLD/TC27D/Tricore/Gtm/Std/IfxGtm_Tom.o  ./Libraries/iLLD/TC27D/Tricore/Cpu/Trap/IfxCpu_Trap.o  ./Libraries/iLLD/TC27D/Tricore/Cpu/Std/IfxCpu.o  ./Libraries/iLLD/TC27D/Tricore/Cpu/CStart/IfxCpu_CStart0.o ./Libraries/iLLD/TC27D/Tricore/Cpu/CStart/IfxCpu_CStart1.o ./Libraries/iLLD/TC27D/Tricore/Cpu/CStart/IfxCpu_CStart2.o  ./Libraries/Infra/Platform/Tricore/Compilers/CompilerDcc.o ./Libraries/Infra/Platform/Tricore/Compilers/CompilerGhs.o ./Libraries/Infra/Platform/Tricore/Compilers/CompilerGnuc.o ./Libraries/Infra/Platform/Tricore/Compilers/CompilerTasking.o  ./Configurations/Debug/sync_on_halt.o  ./Cpu0_Main.o ./Cpu1_Main.o ./Cpu2_Main.o 
Finished building target: Src_RefPrj.elf
 
Invoking: Print Size
TASKING VX-toolset for AURIX Development Studio (non-commercial): ELF size v1.1r8 Build 22011964
elfsize  "Src_RefPrj.elf"
Total sizes:
ROM: 0x2101 (8449) = code: 0x1f5c (8028) + romdata: 0x1a5 (421)
RAM: 0x9519 (38169) = data + bss
Finished building: Src_RefPrj.siz
 
rm Libraries/iLLD/TC27D/Tricore/_Impl/IfxMtu_cfg.src Libraries/iLLD/TC27D/Tricore/Cpu/Trap/IfxCpu_Trap.src Libraries/Infra/Platform/Tricore/Compilers/CompilerDcc.src Libraries/iLLD/TC27D/Tricore/Cpu/Std/IfxCpu.src Libraries/iLLD/TC27D/Tricore/_PinMap/IfxGpt12_PinMap.src Libraries/iLLD/TC27D/Tricore/Cpu/CStart/IfxCpu_CStart1.src Libraries/iLLD/TC27D/Tricore/_Impl/IfxAsclin_cfg.src Libraries/iLLD/TC27D/Tricore/Gtm/Std/IfxGtm_Tbu.src Libraries/iLLD/TC27D/Tricore/_Impl/IfxI2c_cfg.src Cpu0_Main.src Configurations/Debug/sync_on_halt.src Libraries/iLLD/TC27D/Tricore/_PinMap/IfxPort_PinMap.src Libraries/iLLD/TC27D/Tricore/_PinMap/IfxSmu_PinMap.src Libraries/iLLD/TC27D/Tricore/Port/Std/IfxPort.src Cpu1_Main.src Libraries/iLLD/TC27D/Tricore/Gtm/Std/IfxGtm_Dpll.src Libraries/iLLD/TC27D/Tricore/_Impl/IfxEray_cfg.src Libraries/iLLD/TC27D/Tricore/Gtm/Std/IfxGtm_Tim.src Libraries/iLLD/TC27D/Tricore/_PinMap/IfxMsc_PinMap.src Libraries/iLLD/TC27D/Tricore/Cpu/CStart/IfxCpu_CStart0.src Libraries/iLLD/TC27D/Tricore/Gtm/Std/IfxGtm_Tom.src Libraries/iLLD/TC27D/Tricore/_PinMap/IfxPsi5_PinMap.src Libraries/iLLD/TC27D/Tricore/Src/Std/IfxSrc.src Libraries/iLLD/TC27D/Tricore/_Impl/IfxCif_cfg.src Libraries/iLLD/TC27D/Tricore/_Impl/IfxPsi5_cfg.src Libraries/Infra/Platform/Tricore/Compilers/CompilerGnuc.src Libraries/iLLD/TC27D/Tricore/_Impl/IfxVadc_cfg.src Libraries/iLLD/TC27D/Tricore/_Impl/IfxQspi_cfg.src Cpu2_Main.src Libraries/iLLD/TC27D/Tricore/_Impl/IfxCcu6_cfg.src Libraries/iLLD/TC27D/Tricore/_PinMap/IfxI2c_PinMap.src Libraries/iLLD/TC27D/Tricore/_PinMap/IfxScu_PinMap.src Libraries/iLLD/TC27D/Tricore/_Impl/IfxDma_cfg.src Libraries/iLLD/TC27D/Tricore/_Impl/IfxMultican_cfg.src Libraries/iLLD/TC27D/Tricore/_Impl/IfxGtm_cfg.src Libraries/iLLD/TC27D/Tricore/Cpu/CStart/IfxCpu_CStart2.src Libraries/iLLD/TC27D/Tricore/_PinMap/IfxEth_PinMap.src Libraries/iLLD/TC27D/Tricore/_Impl/IfxFlash_cfg.src Libraries/iLLD/TC27D/Tricore/_Impl/IfxStm_cfg.src Libraries/iLLD/TC27D/Tricore/_Impl/IfxSent_cfg.src Libraries/iLLD/TC27D/Tricore/_PinMap/IfxCcu6_PinMap.src Libraries/iLLD/TC27D/Tricore/_PinMap/IfxEray_PinMap.src Libraries/iLLD/TC27D/Tricore/Gtm/Std/IfxGtm.src Libraries/iLLD/TC27D/Tricore/_PinMap/IfxSent_PinMap.src Libraries/iLLD/TC27D/Tricore/_Impl/IfxSrc_cfg.src Libraries/iLLD/TC27D/Tricore/_PinMap/IfxDsadc_PinMap.src Libraries/iLLD/TC27D/Tricore/_PinMap/IfxPsi5s_PinMap.src Libraries/iLLD/TC27D/Tricore/_Impl/IfxPort_cfg.src Libraries/iLLD/TC27D/Tricore/_PinMap/IfxAsclin_PinMap.src Libraries/Infra/Platform/Tricore/Compilers/CompilerGhs.src Libraries/iLLD/TC27D/Tricore/_PinMap/IfxVadc_PinMap.src Libraries/iLLD/TC27D/Tricore/_PinMap/IfxCif_PinMap.src Libraries/iLLD/TC27D/Tricore/Mtu/Std/IfxMtu.src Libraries/iLLD/TC27D/Tricore/_PinMap/IfxQspi_PinMap.src Libraries/iLLD/TC27D/Tricore/Gtm/Std/IfxGtm_Cmu.src Libraries/iLLD/TC27D/Tricore/_Impl/IfxEmem_cfg.src Libraries/iLLD/TC27D/Tricore/_Impl/IfxSmu_cfg.src Libraries/iLLD/TC27D/Tricore/_Impl/IfxHssl_cfg.src Libraries/iLLD/TC27D/Tricore/Scu/Std/IfxScuEru.src Libraries/Infra/Platform/Tricore/Compilers/CompilerTasking.src Libraries/iLLD/TC27D/Tricore/Gtm/Std/IfxGtm_Atom.src Libraries/iLLD/TC27D/Tricore/_PinMap/IfxMultican_PinMap.src Libraries/iLLD/TC27D/Tricore/_PinMap/IfxGtm_PinMap.src Libraries/iLLD/TC27D/Tricore/_Impl/IfxMsc_cfg.src Libraries/iLLD/TC27D/Tricore/_Impl/IfxCpu_cfg.src Libraries/iLLD/TC27D/Tricore/Scu/Std/IfxScuCcu.src Libraries/iLLD/TC27D/Tricore/Scu/Std/IfxScuWdt.src Libraries/iLLD/TC27D/Tricore/_Impl/IfxScu_cfg.src
